TpTrace Verbose: 0 : 16284, 1, 2023/02/24, 16:50:18.713, 8920185419891, vstest.console.dll, Version: 17.4.0-release-20221019-01 Current process architecture: X64
TpTrace Verbose: 0 : 16284, 1, 2023/02/24, 16:50:18.716, 8920185443288, vstest.console.dll, Runtime location: C:\Program Files\dotnet\shared\Microsoft.NETCore.App\7.0.0
TpTrace Verbose: 0 : 16284, 1, 2023/02/24, 16:50:18.721, 8920185497067, vstest.console.dll, ArtifactProcessingPostProcessModeProcessorExecutor.Initialize: ArtifactProcessingMode.Collect
TpTrace Verbose: 0 : 16284, 1, 2023/02/24, 16:50:18.721, 8920185499943, vstest.console.dll, TestSessionCorrelationIdProcessorModeProcessorExecutor.Initialize: TestSessionCorrelationId '24468_de7374e3-917e-42b2-954f-adfbeb5f563f'
TpTrace Information: 0 : 16284, 1, 2023/02/24, 16:50:18.735, 8920185641792, vstest.console.dll, FilePatternParser: The given file C:\Users\thonchel\Documents\Repos\FantasyFootballDraftGuide\FantasyFootballDraftGuide.PresentationTests\bin\Debug\net6.0\fine-code-coverage\build-output\FantasyFootballDraftGuide.PresentationTests.dll is a full path.
TpTrace Verbose: 0 : 16284, 1, 2023/02/24, 16:50:18.747, 8920185759560, vstest.console.dll, TestPluginCache.DiscoverTestExtensions: finding test extensions in assemblies ends with: RuntimeProvider.dll TPluginInfo: Microsoft.VisualStudio.TestPlatform.Common.ExtensionFramework.Utilities.TestRuntimePluginInformation TExtension: Microsoft.VisualStudio.TestPlatform.ObjectModel.Host.ITestRuntimeProvider
TpTrace Verbose: 0 : 16284, 1, 2023/02/24, 16:50:18.748, 8920185762659, vstest.console.dll, TestPluginCache.GetExtensionPaths: Filtered extension paths: 
TpTrace Verbose: 0 : 16284, 1, 2023/02/24, 16:50:18.748, 8920185764154, vstest.console.dll, TestPluginCache.GetExtensionPaths: Added default extension paths: C:\Program Files\dotnet\sdk\7.0.100\Extensions\Microsoft.Diagnostics.NETCore.Client.dll
C:\Program Files\dotnet\sdk\7.0.100\Extensions\Microsoft.TestPlatform.Extensions.BlameDataCollector.dll
C:\Program Files\dotnet\sdk\7.0.100\Extensions\Microsoft.TestPlatform.Extensions.EventLogCollector.dll
C:\Program Files\dotnet\sdk\7.0.100\Extensions\Microsoft.TestPlatform.TestHostRuntimeProvider.dll
C:\Program Files\dotnet\sdk\7.0.100\Extensions\Microsoft.VisualStudio.TestPlatform.Extensions.Html.TestLogger.dll
C:\Program Files\dotnet\sdk\7.0.100\Extensions\Microsoft.VisualStudio.TestPlatform.Extensions.Trx.TestLogger.dll
TpTrace Verbose: 0 : 16284, 1, 2023/02/24, 16:50:18.748, 8920185764991, vstest.console.dll, TestPluginCache.GetExtensionPaths: Added unfilterableExtensionPaths: 
TpTrace Information: 0 : 16284, 1, 2023/02/24, 16:50:18.750, 8920185789535, vstest.console.dll, AssemblyResolver.ctor: Creating AssemblyResolver with searchDirectories C:\Program Files\dotnet\sdk\7.0.100\Extensions,C:\Program Files\dotnet\sdk\7.0.100
TpTrace Verbose: 0 : 16284, 1, 2023/02/24, 16:50:18.753, 8920185820722, vstest.console.dll, TestPluginCache.DiscoverTestExtensions: Discovering the extensions using extension path.
TpTrace Verbose: 0 : 16284, 1, 2023/02/24, 16:50:18.754, 8920185823655, vstest.console.dll, TestPluginCache.GetExtensionPaths: Filtered extension paths: 
TpTrace Verbose: 0 : 16284, 1, 2023/02/24, 16:50:18.754, 8920185824877, vstest.console.dll, TestPluginCache.GetExtensionPaths: Added default extension paths: C:\Program Files\dotnet\sdk\7.0.100\Extensions\Microsoft.Diagnostics.NETCore.Client.dll
C:\Program Files\dotnet\sdk\7.0.100\Extensions\Microsoft.TestPlatform.Extensions.BlameDataCollector.dll
C:\Program Files\dotnet\sdk\7.0.100\Extensions\Microsoft.TestPlatform.Extensions.EventLogCollector.dll
C:\Program Files\dotnet\sdk\7.0.100\Extensions\Microsoft.TestPlatform.TestHostRuntimeProvider.dll
C:\Program Files\dotnet\sdk\7.0.100\Extensions\Microsoft.VisualStudio.TestPlatform.Extensions.Html.TestLogger.dll
C:\Program Files\dotnet\sdk\7.0.100\Extensions\Microsoft.VisualStudio.TestPlatform.Extensions.Trx.TestLogger.dll
TpTrace Verbose: 0 : 16284, 1, 2023/02/24, 16:50:18.754, 8920185826041, vstest.console.dll, TestPluginCache.GetExtensionPaths: Added unfilterableExtensionPaths: 
TpTrace Verbose: 0 : 16284, 1, 2023/02/24, 16:50:18.754, 8920185829242, vstest.console.dll, TestPluginCache.DiscoverTestExtensions: Discovering the extensions using allExtensionPaths: C:\Program Files\dotnet\sdk\7.0.100\Extensions\Microsoft.Diagnostics.NETCore.Client.dll
C:\Program Files\dotnet\sdk\7.0.100\Extensions\Microsoft.TestPlatform.Extensions.BlameDataCollector.dll
C:\Program Files\dotnet\sdk\7.0.100\Extensions\Microsoft.TestPlatform.Extensions.EventLogCollector.dll
C:\Program Files\dotnet\sdk\7.0.100\Extensions\Microsoft.TestPlatform.TestHostRuntimeProvider.dll
C:\Program Files\dotnet\sdk\7.0.100\Extensions\Microsoft.VisualStudio.TestPlatform.Extensions.Html.TestLogger.dll
C:\Program Files\dotnet\sdk\7.0.100\Extensions\Microsoft.VisualStudio.TestPlatform.Extensions.Trx.TestLogger.dll
TpTrace Information: 0 : 16284, 1, 2023/02/24, 16:50:18.754, 8920185831213, vstest.console.dll, AssemblyResolver.AddSearchDirectories: Adding more searchDirectories C:\Program Files\dotnet\sdk\7.0.100\Extensions,C:\Program Files\dotnet\sdk\7.0.100
TpTrace Information: 0 : 16284, 1, 2023/02/24, 16:50:18.754, 8920185832201, vstest.console.dll, AssemblyResolver.AddSearchDirectories: Adding more searchDirectories C:\Program Files\dotnet\sdk\7.0.100\Extensions,C:\Program Files\dotnet\sdk\7.0.100
TpTrace Information: 0 : 16284, 1, 2023/02/24, 16:50:18.755, 8920185832922, vstest.console.dll, AssemblyResolver.AddSearchDirectories: Adding more searchDirectories C:\Program Files\dotnet\sdk\7.0.100\Extensions,C:\Program Files\dotnet\sdk\7.0.100
TpTrace Information: 0 : 16284, 1, 2023/02/24, 16:50:18.755, 8920185833712, vstest.console.dll, AssemblyResolver.AddSearchDirectories: Adding more searchDirectories C:\Program Files\dotnet\sdk\7.0.100\Extensions,C:\Program Files\dotnet\sdk\7.0.100
TpTrace Information: 0 : 16284, 1, 2023/02/24, 16:50:18.755, 8920185834362, vstest.console.dll, AssemblyResolver.AddSearchDirectories: Adding more searchDirectories C:\Program Files\dotnet\sdk\7.0.100\Extensions,C:\Program Files\dotnet\sdk\7.0.100
TpTrace Information: 0 : 16284, 1, 2023/02/24, 16:50:18.755, 8920185834978, vstest.console.dll, AssemblyResolver.AddSearchDirectories: Adding more searchDirectories C:\Program Files\dotnet\sdk\7.0.100\Extensions,C:\Program Files\dotnet\sdk\7.0.100
TpTrace Information: 0 : 16284, 1, 2023/02/24, 16:50:18.755, 8920185841259, vstest.console.dll, AssemblyResolver.OnResolve: Microsoft.Diagnostics.NETCore.Client: Resolving assembly.
TpTrace Information: 0 : 16284, 1, 2023/02/24, 16:50:18.756, 8920185842459, vstest.console.dll, AssemblyResolver.OnResolve: Microsoft.Diagnostics.NETCore.Client: Searching in: 'C:\Program Files\dotnet\sdk\7.0.100\Extensions'.
TpTrace Information: 0 : 16284, 1, 2023/02/24, 16:50:18.771, 8920185996446, vstest.console.dll, AssemblyResolver.OnResolve: Microsoft.Diagnostics.NETCore.Client: Loading assembly 'C:\Program Files\dotnet\sdk\7.0.100\Extensions\Microsoft.Diagnostics.NETCore.Client.dll'.
TpTrace Information: 0 : 16284, 1, 2023/02/24, 16:50:18.773, 8920186017847, vstest.console.dll, AssemblyResolver.OnResolve: Resolved assembly: Microsoft.Diagnostics.NETCore.Client, from path: C:\Program Files\dotnet\sdk\7.0.100\Extensions\Microsoft.Diagnostics.NETCore.Client.dll
TpTrace Verbose: 0 : 16284, 1, 2023/02/24, 16:50:18.775, 8920186034122, vstest.console.dll, MetadataReaderExtensionsHelper: Discovering extensions inside assembly 'Microsoft.Diagnostics.NETCore.Client, Version=0.2.6.42401, Culture=neutral, PublicKeyToken=31bf3856ad364e35' file path 'C:\Program Files\dotnet\sdk\7.0.100\Extensions\Microsoft.Diagnostics.NETCore.Client.dll'
TpTrace Information: 0 : 16284, 1, 2023/02/24, 16:50:18.783, 8920186119508, vstest.console.dll, AssemblyResolver.OnResolve: Microsoft.Bcl.AsyncInterfaces: Resolving assembly.
TpTrace Information: 0 : 16284, 1, 2023/02/24, 16:50:18.783, 8920186121847, vstest.console.dll, AssemblyResolver.OnResolve: Microsoft.Bcl.AsyncInterfaces: Searching in: 'C:\Program Files\dotnet\sdk\7.0.100\Extensions'.
TpTrace Information: 0 : 16284, 1, 2023/02/24, 16:50:18.784, 8920186123947, vstest.console.dll, AssemblyResolver.OnResolve: Microsoft.Bcl.AsyncInterfaces: Assembly path does not exist: 'C:\Program Files\dotnet\sdk\7.0.100\Extensions\Microsoft.Bcl.AsyncInterfaces.dll', returning.
TpTrace Information: 0 : 16284, 1, 2023/02/24, 16:50:18.784, 8920186126400, vstest.console.dll, AssemblyResolver.OnResolve: Microsoft.Bcl.AsyncInterfaces: Assembly path does not exist: 'C:\Program Files\dotnet\sdk\7.0.100\Extensions\Microsoft.Bcl.AsyncInterfaces.exe', returning.
TpTrace Information: 0 : 16284, 1, 2023/02/24, 16:50:18.784, 8920186127453, vstest.console.dll, AssemblyResolver.OnResolve: Microsoft.Bcl.AsyncInterfaces: Searching in: 'C:\Program Files\dotnet\sdk\7.0.100'.
TpTrace Information: 0 : 16284, 1, 2023/02/24, 16:50:18.784, 8920186129089, vstest.console.dll, AssemblyResolver.OnResolve: Microsoft.Bcl.AsyncInterfaces: Assembly path does not exist: 'C:\Program Files\dotnet\sdk\7.0.100\Microsoft.Bcl.AsyncInterfaces.dll', returning.
TpTrace Information: 0 : 16284, 1, 2023/02/24, 16:50:18.784, 8920186130610, vstest.console.dll, AssemblyResolver.OnResolve: Microsoft.Bcl.AsyncInterfaces: Assembly path does not exist: 'C:\Program Files\dotnet\sdk\7.0.100\Microsoft.Bcl.AsyncInterfaces.exe', returning.
TpTrace Information: 0 : 16284, 1, 2023/02/24, 16:50:18.784, 8920186131851, vstest.console.dll, AssemblyResolver.OnResolve: Microsoft.Bcl.AsyncInterfaces: Failed to load assembly.
TpTrace Verbose: 0 : 16284, 1, 2023/02/24, 16:50:18.785, 8920186132924, vstest.console.dll, CurrentDomainAssemblyResolve: Resolving assembly 'Microsoft.Bcl.AsyncInterfaces'.
TpTrace Information: 0 : 16284, 1, 2023/02/24, 16:50:18.785, 8920186134357, vstest.console.dll, AssemblyResolver.OnResolve: Microsoft.Bcl.AsyncInterfaces: Resolving assembly.
TpTrace Information: 0 : 16284, 1, 2023/02/24, 16:50:18.785, 8920186135566, vstest.console.dll, AssemblyResolver.OnResolve: Microsoft.Bcl.AsyncInterfaces: Resolved from cache.
TpTrace Verbose: 0 : 16284, 1, 2023/02/24, 16:50:18.785, 8920186136443, vstest.console.dll, CurrentDomainAssemblyResolve: Resolving assembly 'Microsoft.Bcl.AsyncInterfaces'.
TpTrace Verbose: 0 : 16284, 1, 2023/02/24, 16:50:18.785, 8920186137702, vstest.console.dll, CurrentDomainAssemblyResolve: Failed to resolve assembly 'Microsoft.Bcl.AsyncInterfaces'.
TpTrace Verbose: 0 : 16284, 1, 2023/02/24, 16:50:18.787, 8920186153717, vstest.console.dll, CurrentDomainAssemblyResolve: Failed to resolve assembly 'Microsoft.Bcl.AsyncInterfaces'.
TpTrace Warning: 0 : 16284, 1, 2023/02/24, 16:50:18.802, 8920186307629, vstest.console.dll, TestPluginDiscoverer: Failed to get types from assembly 'Microsoft.Diagnostics.NETCore.Client, Version=0.2.6.42401, Culture=neutral, PublicKeyToken=31bf3856ad364e35'. Error: System.Reflection.ReflectionTypeLoadException: Unable to load one or more of the requested types.
Could not load file or assembly 'Microsoft.Bcl.AsyncInterfaces, Version=1.0.0.0, Culture=neutral, PublicKeyToken=cc7b13ffcd2ddd51'. The system cannot find the file specified.
   at System.Reflection.RuntimeModule.GetTypes(RuntimeModule module)
   at System.Reflection.Assembly.GetTypes()
   at Microsoft.VisualStudio.TestPlatform.Common.ExtensionFramework.TestPluginDiscoverer.GetTestExtensionsFromAssembly[TPluginInfo,TExtension](Assembly assembly, Dictionary`2 pluginInfos, String filePath)
System.IO.FileNotFoundException: Could not load file or assembly 'Microsoft.Bcl.AsyncInterfaces, Version=1.0.0.0, Culture=neutral, PublicKeyToken=cc7b13ffcd2ddd51'. The system cannot find the file specified.
File name: 'Microsoft.Bcl.AsyncInterfaces, Version=1.0.0.0, Culture=neutral, PublicKeyToken=cc7b13ffcd2ddd51'
 ---> System.IO.FileNotFoundException: Could not load file or assembly 'Microsoft.Bcl.AsyncInterfaces, Culture=neutral, PublicKeyToken=null'. The system cannot find the file specified.
File name: 'Microsoft.Bcl.AsyncInterfaces, Culture=neutral, PublicKeyToken=null'
   at System.Reflection.RuntimeAssembly.InternalLoad(AssemblyName assemblyName, StackCrawlMark& stackMark, AssemblyLoadContext assemblyLoadContext, RuntimeAssembly requestingAssembly, Boolean throwOnFileNotFound)
   at System.Reflection.Assembly.Load(AssemblyName assemblyRef)
   at Microsoft.VisualStudio.TestPlatform.Common.ExtensionFramework.TestPluginCache.CurrentDomainAssemblyResolve(Object sender, AssemblyResolveEventArgs args)
   at System.Runtime.Loader.AssemblyLoadContext.GetFirstResolvedAssemblyFromResolvingEvent(AssemblyName assemblyName)
   at System.Runtime.Loader.AssemblyLoadContext.ResolveUsingEvent(AssemblyName assemblyName)
   at System.Runtime.Loader.AssemblyLoadContext.ResolveUsingResolvingEvent(IntPtr gchManagedAssemblyLoadContext, AssemblyName assemblyName)
TpTrace Warning: 0 : 16284, 1, 2023/02/24, 16:50:18.803, 8920186316347, vstest.console.dll, LoaderExceptions: System.IO.FileNotFoundException: Could not load file or assembly 'Microsoft.Bcl.AsyncInterfaces, Version=1.0.0.0, Culture=neutral, PublicKeyToken=cc7b13ffcd2ddd51'. The system cannot find the file specified.
File name: 'Microsoft.Bcl.AsyncInterfaces, Version=1.0.0.0, Culture=neutral, PublicKeyToken=cc7b13ffcd2ddd51'
 ---> System.IO.FileNotFoundException: Could not load file or assembly 'Microsoft.Bcl.AsyncInterfaces, Culture=neutral, PublicKeyToken=null'. The system cannot find the file specified.
File name: 'Microsoft.Bcl.AsyncInterfaces, Culture=neutral, PublicKeyToken=null'
   at System.Reflection.RuntimeAssembly.InternalLoad(AssemblyName assemblyName, StackCrawlMark& stackMark, AssemblyLoadContext assemblyLoadContext, RuntimeAssembly requestingAssembly, Boolean throwOnFileNotFound)
   at System.Reflection.Assembly.Load(AssemblyName assemblyRef)
   at Microsoft.VisualStudio.TestPlatform.Common.ExtensionFramework.TestPluginCache.CurrentDomainAssemblyResolve(Object sender, AssemblyResolveEventArgs args)
   at System.Runtime.Loader.AssemblyLoadContext.GetFirstResolvedAssemblyFromResolvingEvent(AssemblyName assemblyName)
   at System.Runtime.Loader.AssemblyLoadContext.ResolveUsingEvent(AssemblyName assemblyName)
   at System.Runtime.Loader.AssemblyLoadContext.ResolveUsingResolvingEvent(IntPtr gchManagedAssemblyLoadContext, AssemblyName assemblyName)
TpTrace Information: 0 : 16284, 1, 2023/02/24, 16:50:18.803, 8920186320079, vstest.console.dll, AssemblyResolver.OnResolve: Microsoft.TestPlatform.Extensions.BlameDataCollector: Resolving assembly.
TpTrace Information: 0 : 16284, 1, 2023/02/24, 16:50:18.803, 8920186321305, vstest.console.dll, AssemblyResolver.OnResolve: Microsoft.TestPlatform.Extensions.BlameDataCollector: Searching in: 'C:\Program Files\dotnet\sdk\7.0.100\Extensions'.
TpTrace Information: 0 : 16284, 1, 2023/02/24, 16:50:18.804, 8920186328575, vstest.console.dll, AssemblyResolver.OnResolve: Microsoft.TestPlatform.Extensions.BlameDataCollector: Loading assembly 'C:\Program Files\dotnet\sdk\7.0.100\Extensions\Microsoft.TestPlatform.Extensions.BlameDataCollector.dll'.
TpTrace Information: 0 : 16284, 1, 2023/02/24, 16:50:18.806, 8920186351569, vstest.console.dll, AssemblyResolver.OnResolve: Resolved assembly: Microsoft.TestPlatform.Extensions.BlameDataCollector, from path: C:\Program Files\dotnet\sdk\7.0.100\Extensions\Microsoft.TestPlatform.Extensions.BlameDataCollector.dll
TpTrace Verbose: 0 : 16284, 1, 2023/02/24, 16:50:18.807, 8920186353485, vstest.console.dll, MetadataReaderExtensionsHelper: Discovering extensions inside assembly 'Microsoft.TestPlatform.Extensions.BlameDataCollector, Version=15.0.0.0, Culture=neutral, PublicKeyToken=b03f5f7f11d50a3a' file path 'C:\Program Files\dotnet\sdk\7.0.100\Extensions\Microsoft.TestPlatform.Extensions.BlameDataCollector.dll'
TpTrace Information: 0 : 16284, 1, 2023/02/24, 16:50:18.809, 8920186379621, vstest.console.dll, AssemblyResolver.OnResolve: Microsoft.TestPlatform.Extensions.EventLogCollector: Resolving assembly.
TpTrace Information: 0 : 16284, 1, 2023/02/24, 16:50:18.809, 8920186381243, vstest.console.dll, AssemblyResolver.OnResolve: Microsoft.TestPlatform.Extensions.EventLogCollector: Searching in: 'C:\Program Files\dotnet\sdk\7.0.100\Extensions'.
TpTrace Information: 0 : 16284, 1, 2023/02/24, 16:50:18.810, 8920186386001, vstest.console.dll, AssemblyResolver.OnResolve: Microsoft.TestPlatform.Extensions.EventLogCollector: Loading assembly 'C:\Program Files\dotnet\sdk\7.0.100\Extensions\Microsoft.TestPlatform.Extensions.EventLogCollector.dll'.
TpTrace Information: 0 : 16284, 1, 2023/02/24, 16:50:18.811, 8920186395082, vstest.console.dll, AssemblyResolver.OnResolve: Resolved assembly: Microsoft.TestPlatform.Extensions.EventLogCollector, from path: C:\Program Files\dotnet\sdk\7.0.100\Extensions\Microsoft.TestPlatform.Extensions.EventLogCollector.dll
TpTrace Verbose: 0 : 16284, 1, 2023/02/24, 16:50:18.811, 8920186396351, vstest.console.dll, MetadataReaderExtensionsHelper: Discovering extensions inside assembly 'Microsoft.TestPlatform.Extensions.EventLogCollector, Version=15.0.0.0, Culture=neutral, PublicKeyToken=b03f5f7f11d50a3a' file path 'C:\Program Files\dotnet\sdk\7.0.100\Extensions\Microsoft.TestPlatform.Extensions.EventLogCollector.dll'
TpTrace Information: 0 : 16284, 1, 2023/02/24, 16:50:18.815, 8920186434693, vstest.console.dll, AssemblyResolver.OnResolve: Microsoft.TestPlatform.TestHostRuntimeProvider: Resolving assembly.
TpTrace Information: 0 : 16284, 1, 2023/02/24, 16:50:18.815, 8920186436161, vstest.console.dll, AssemblyResolver.OnResolve: Microsoft.TestPlatform.TestHostRuntimeProvider: Searching in: 'C:\Program Files\dotnet\sdk\7.0.100\Extensions'.
TpTrace Information: 0 : 16284, 1, 2023/02/24, 16:50:18.816, 8920186444782, vstest.console.dll, AssemblyResolver.OnResolve: Microsoft.TestPlatform.TestHostRuntimeProvider: Loading assembly 'C:\Program Files\dotnet\sdk\7.0.100\Extensions\Microsoft.TestPlatform.TestHostRuntimeProvider.dll'.
TpTrace Information: 0 : 16284, 1, 2023/02/24, 16:50:18.818, 8920186469355, vstest.console.dll, AssemblyResolver.OnResolve: Resolved assembly: Microsoft.TestPlatform.TestHostRuntimeProvider, from path: C:\Program Files\dotnet\sdk\7.0.100\Extensions\Microsoft.TestPlatform.TestHostRuntimeProvider.dll
TpTrace Verbose: 0 : 16284, 1, 2023/02/24, 16:50:18.818, 8920186471677, vstest.console.dll, MetadataReaderExtensionsHelper: Discovering extensions inside assembly 'Microsoft.TestPlatform.TestHostRuntimeProvider, Version=15.0.0.0, Culture=neutral, PublicKeyToken=b03f5f7f11d50a3a' file path 'C:\Program Files\dotnet\sdk\7.0.100\Extensions\Microsoft.TestPlatform.TestHostRuntimeProvider.dll'
TpTrace Information: 0 : 16284, 1, 2023/02/24, 16:50:18.822, 8920186505955, vstest.console.dll, GetTestExtensionFromType: Register extension with identifier data 'HostProvider://DefaultTestHost' and type 'Microsoft.VisualStudio.TestPlatform.CrossPlatEngine.Hosting.DefaultTestHostManager, Microsoft.TestPlatform.TestHostRuntimeProvider, Version=15.0.0.0, Culture=neutral, PublicKeyToken=b03f5f7f11d50a3a' inside file 'C:\Program Files\dotnet\sdk\7.0.100\Extensions\Microsoft.TestPlatform.TestHostRuntimeProvider.dll'
TpTrace Information: 0 : 16284, 1, 2023/02/24, 16:50:18.822, 8920186510602, vstest.console.dll, GetTestExtensionFromType: Register extension with identifier data 'HostProvider://DotnetTestHost' and type 'Microsoft.VisualStudio.TestPlatform.CrossPlatEngine.Hosting.DotnetTestHostManager, Microsoft.TestPlatform.TestHostRuntimeProvider, Version=15.0.0.0, Culture=neutral, PublicKeyToken=b03f5f7f11d50a3a' inside file 'C:\Program Files\dotnet\sdk\7.0.100\Extensions\Microsoft.TestPlatform.TestHostRuntimeProvider.dll'
TpTrace Information: 0 : 16284, 1, 2023/02/24, 16:50:18.823, 8920186512603, vstest.console.dll, AssemblyResolver.OnResolve: Microsoft.VisualStudio.TestPlatform.Extensions.Html.TestLogger: Resolving assembly.
TpTrace Information: 0 : 16284, 1, 2023/02/24, 16:50:18.823, 8920186513819, vstest.console.dll, AssemblyResolver.OnResolve: Microsoft.VisualStudio.TestPlatform.Extensions.Html.TestLogger: Searching in: 'C:\Program Files\dotnet\sdk\7.0.100\Extensions'.
TpTrace Information: 0 : 16284, 1, 2023/02/24, 16:50:18.823, 8920186519678, vstest.console.dll, AssemblyResolver.OnResolve: Microsoft.VisualStudio.TestPlatform.Extensions.Html.TestLogger: Loading assembly 'C:\Program Files\dotnet\sdk\7.0.100\Extensions\Microsoft.VisualStudio.TestPlatform.Extensions.Html.TestLogger.dll'.
TpTrace Information: 0 : 16284, 1, 2023/02/24, 16:50:18.825, 8920186541002, vstest.console.dll, AssemblyResolver.OnResolve: Resolved assembly: Microsoft.VisualStudio.TestPlatform.Extensions.Html.TestLogger, from path: C:\Program Files\dotnet\sdk\7.0.100\Extensions\Microsoft.VisualStudio.TestPlatform.Extensions.Html.TestLogger.dll
TpTrace Verbose: 0 : 16284, 1, 2023/02/24, 16:50:18.826, 8920186542922, vstest.console.dll, MetadataReaderExtensionsHelper: Discovering extensions inside assembly 'Microsoft.VisualStudio.TestPlatform.Extensions.Html.TestLogger, Version=15.0.0.0, Culture=neutral, PublicKeyToken=b03f5f7f11d50a3a' file path 'C:\Program Files\dotnet\sdk\7.0.100\Extensions\Microsoft.VisualStudio.TestPlatform.Extensions.Html.TestLogger.dll'
TpTrace Information: 0 : 16284, 1, 2023/02/24, 16:50:18.827, 8920186555919, vstest.console.dll, AssemblyResolver.OnResolve: Microsoft.VisualStudio.TestPlatform.Extensions.Trx.TestLogger: Resolving assembly.
TpTrace Information: 0 : 16284, 1, 2023/02/24, 16:50:18.827, 8920186557446, vstest.console.dll, AssemblyResolver.OnResolve: Microsoft.VisualStudio.TestPlatform.Extensions.Trx.TestLogger: Searching in: 'C:\Program Files\dotnet\sdk\7.0.100\Extensions'.
TpTrace Information: 0 : 16284, 1, 2023/02/24, 16:50:18.828, 8920186563315, vstest.console.dll, AssemblyResolver.OnResolve: Microsoft.VisualStudio.TestPlatform.Extensions.Trx.TestLogger: Loading assembly 'C:\Program Files\dotnet\sdk\7.0.100\Extensions\Microsoft.VisualStudio.TestPlatform.Extensions.Trx.TestLogger.dll'.
TpTrace Information: 0 : 16284, 1, 2023/02/24, 16:50:18.830, 8920186587280, vstest.console.dll, AssemblyResolver.OnResolve: Resolved assembly: Microsoft.VisualStudio.TestPlatform.Extensions.Trx.TestLogger, from path: C:\Program Files\dotnet\sdk\7.0.100\Extensions\Microsoft.VisualStudio.TestPlatform.Extensions.Trx.TestLogger.dll
TpTrace Verbose: 0 : 16284, 1, 2023/02/24, 16:50:18.830, 8920186589743, vstest.console.dll, MetadataReaderExtensionsHelper: Discovering extensions inside assembly 'Microsoft.VisualStudio.TestPlatform.Extensions.Trx.TestLogger, Version=15.0.0.0, Culture=neutral, PublicKeyToken=b03f5f7f11d50a3a' file path 'C:\Program Files\dotnet\sdk\7.0.100\Extensions\Microsoft.VisualStudio.TestPlatform.Extensions.Trx.TestLogger.dll'
TpTrace Verbose: 0 : 16284, 1, 2023/02/24, 16:50:18.832, 8920186609973, vstest.console.dll, TestPluginCache: Discovered the extensions using extension path ''.
TpTrace Verbose: 0 : 16284, 1, 2023/02/24, 16:50:18.832, 8920186612404, vstest.console.dll, TestPluginCache: Discoverers are ''.
TpTrace Verbose: 0 : 16284, 1, 2023/02/24, 16:50:18.833, 8920186613457, vstest.console.dll, TestPluginCache: Executors are ''.
TpTrace Verbose: 0 : 16284, 1, 2023/02/24, 16:50:18.833, 8920186614326, vstest.console.dll, TestPluginCache: Executors2 are ''.
TpTrace Verbose: 0 : 16284, 1, 2023/02/24, 16:50:18.833, 8920186614900, vstest.console.dll, TestPluginCache: Setting providers are ''.
TpTrace Verbose: 0 : 16284, 1, 2023/02/24, 16:50:18.833, 8920186615451, vstest.console.dll, TestPluginCache: Loggers are ''.
TpTrace Verbose: 0 : 16284, 1, 2023/02/24, 16:50:18.833, 8920186616682, vstest.console.dll, TestPluginCache: TestHosts are 'HostProvider://DefaultTestHost,HostProvider://DotnetTestHost'.
TpTrace Verbose: 0 : 16284, 1, 2023/02/24, 16:50:18.833, 8920186617429, vstest.console.dll, TestPluginCache: DataCollectors are ''.
TpTrace Information: 0 : 16284, 1, 2023/02/24, 16:50:18.851, 8920186800383, vstest.console.dll, RunTestsArgumentProcessor:Execute: Test run is starting.
TpTrace Verbose: 0 : 16284, 1, 2023/02/24, 16:50:18.852, 8920186802498, vstest.console.dll, RunTestsArgumentProcessor:Execute: Queuing Test run.
TpTrace Information: 0 : 16284, 1, 2023/02/24, 16:50:18.852, 8920186807182, vstest.console.dll, TestRequestManager.RunTests: run tests started.
TpTrace Information: 0 : 16284, 1, 2023/02/24, 16:50:18.854, 8920186825649, vstest.console.dll, AssemblyMetadataProvider.GetFrameworkName: Determined framework:'.NETCoreApp,Version=v6.0' for source: 'C:\Users\thonchel\Documents\Repos\FantasyFootballDraftGuide\FantasyFootballDraftGuide.PresentationTests\bin\Debug\net6.0\fine-code-coverage\build-output\FantasyFootballDraftGuide.PresentationTests.dll'
TpTrace Information: 0 : 16284, 1, 2023/02/24, 16:50:18.854, 8920186828554, vstest.console.dll, Determined framework for all sources: .NETCoreApp,Version=v6.0
TpTrace Verbose: 0 : 16284, 1, 2023/02/24, 16:50:18.855, 8920186834335, vstest.console.dll, TestRequestManager.UpdateRunSettingsIfRequired: Default architecture: X64 IsDefaultTargetArchitecture: True, Current process architecture: X64 OperatingSystem: Windows.
TpTrace Information: 0 : 16284, 1, 2023/02/24, 16:50:18.857, 8920186860778, vstest.console.dll, AssemblyMetadataProvider.GetArchitecture: Determined architecture:AnyCPU info for assembly: C:\Users\thonchel\Documents\Repos\FantasyFootballDraftGuide\FantasyFootballDraftGuide.PresentationTests\bin\Debug\net6.0\fine-code-coverage\build-output\FantasyFootballDraftGuide.PresentationTests.dll
TpTrace Information: 0 : 16284, 1, 2023/02/24, 16:50:18.857, 8920186862218, vstest.console.dll, Determined platform for source 'C:\Users\thonchel\Documents\Repos\FantasyFootballDraftGuide\FantasyFootballDraftGuide.PresentationTests\bin\Debug\net6.0\fine-code-coverage\build-output\FantasyFootballDraftGuide.PresentationTests.dll' was AnyCPU and it will use the default plaform X64.
TpTrace Information: 0 : 16284, 1, 2023/02/24, 16:50:18.858, 8920186862921, vstest.console.dll, None of the sources provided any runnable platform, using the default platform: X64
TpTrace Information: 0 : 16284, 1, 2023/02/24, 16:50:18.858, 8920186864429, vstest.console.dll, Platform was updated to 'X64'.
TpTrace Information: 0 : 16284, 1, 2023/02/24, 16:50:18.864, 8920186922827, vstest.console.dll, InferRunSettingsHelper.IsTestSettingsEnabled: Unable to navigate to RunSettings/MSTest. Current node: RunSettings
TpTrace Information: 0 : 16284, 1, 2023/02/24, 16:50:18.865, 8920186934493, vstest.console.dll, AssemblyResolver.OnResolve: Microsoft.VisualStudio.TestPlatform.Fakes: Resolving assembly.
TpTrace Information: 0 : 16284, 1, 2023/02/24, 16:50:18.865, 8920186935835, vstest.console.dll, AssemblyResolver.OnResolve: Microsoft.VisualStudio.TestPlatform.Fakes: Searching in: 'C:\Program Files\dotnet\sdk\7.0.100\Extensions'.
TpTrace Information: 0 : 16284, 1, 2023/02/24, 16:50:18.865, 8920186937934, vstest.console.dll, AssemblyResolver.OnResolve: Microsoft.VisualStudio.TestPlatform.Fakes: Assembly path does not exist: 'C:\Program Files\dotnet\sdk\7.0.100\Extensions\Microsoft.VisualStudio.TestPlatform.Fakes.dll', returning.
TpTrace Information: 0 : 16284, 1, 2023/02/24, 16:50:18.865, 8920186940569, vstest.console.dll, AssemblyResolver.OnResolve: Microsoft.VisualStudio.TestPlatform.Fakes: Assembly path does not exist: 'C:\Program Files\dotnet\sdk\7.0.100\Extensions\Microsoft.VisualStudio.TestPlatform.Fakes.exe', returning.
TpTrace Information: 0 : 16284, 1, 2023/02/24, 16:50:18.865, 8920186941713, vstest.console.dll, AssemblyResolver.OnResolve: Microsoft.VisualStudio.TestPlatform.Fakes: Searching in: 'C:\Program Files\dotnet\sdk\7.0.100'.
TpTrace Information: 0 : 16284, 1, 2023/02/24, 16:50:18.866, 8920186943406, vstest.console.dll, AssemblyResolver.OnResolve: Microsoft.VisualStudio.TestPlatform.Fakes: Assembly path does not exist: 'C:\Program Files\dotnet\sdk\7.0.100\Microsoft.VisualStudio.TestPlatform.Fakes.dll', returning.
TpTrace Information: 0 : 16284, 1, 2023/02/24, 16:50:18.866, 8920186945264, vstest.console.dll, AssemblyResolver.OnResolve: Microsoft.VisualStudio.TestPlatform.Fakes: Assembly path does not exist: 'C:\Program Files\dotnet\sdk\7.0.100\Microsoft.VisualStudio.TestPlatform.Fakes.exe', returning.
TpTrace Information: 0 : 16284, 1, 2023/02/24, 16:50:18.866, 8920186946306, vstest.console.dll, AssemblyResolver.OnResolve: Microsoft.VisualStudio.TestPlatform.Fakes: Failed to load assembly.
TpTrace Information: 0 : 16284, 1, 2023/02/24, 16:50:18.866, 8920186951240, vstest.console.dll, Failed to load assembly Microsoft.VisualStudio.TestPlatform.Fakes, Version=17.0.0.0, Culture=neutral. Reason:System.IO.FileNotFoundException: Could not load file or assembly 'Microsoft.VisualStudio.TestPlatform.Fakes, Version=17.0.0.0, Culture=neutral, PublicKeyToken=null'. The system cannot find the file specified.
File name: 'Microsoft.VisualStudio.TestPlatform.Fakes, Version=17.0.0.0, Culture=neutral, PublicKeyToken=null'
   at System.Reflection.RuntimeAssembly.InternalLoad(AssemblyName assemblyName, StackCrawlMark& stackMark, AssemblyLoadContext assemblyLoadContext, RuntimeAssembly requestingAssembly, Boolean throwOnFileNotFound)
   at System.Reflection.Assembly.Load(AssemblyName assemblyRef)
   at Microsoft.VisualStudio.TestPlatform.Common.Utilities.FakesUtilities.LoadTestPlatformAssembly()
TpTrace Verbose: 0 : 16284, 1, 2023/02/24, 16:50:18.873, 8920187018044, vstest.console.dll, TestPluginCache.DiscoverTestExtensions: finding test extensions in assemblies ends with: TestLogger.dll TPluginInfo: Microsoft.VisualStudio.TestPlatform.Common.ExtensionFramework.Utilities.TestLoggerPluginInformation TExtension: Microsoft.VisualStudio.TestPlatform.ObjectModel.Client.ITestLogger
TpTrace Verbose: 0 : 16284, 1, 2023/02/24, 16:50:18.873, 8920187020490, vstest.console.dll, TestPluginCache.GetExtensionPaths: Filtered extension paths: 
TpTrace Verbose: 0 : 16284, 1, 2023/02/24, 16:50:18.873, 8920187021666, vstest.console.dll, TestPluginCache.GetExtensionPaths: Added default extension paths: C:\Program Files\dotnet\sdk\7.0.100\Extensions\Microsoft.Diagnostics.NETCore.Client.dll
C:\Program Files\dotnet\sdk\7.0.100\Extensions\Microsoft.TestPlatform.Extensions.BlameDataCollector.dll
C:\Program Files\dotnet\sdk\7.0.100\Extensions\Microsoft.TestPlatform.Extensions.EventLogCollector.dll
C:\Program Files\dotnet\sdk\7.0.100\Extensions\Microsoft.TestPlatform.TestHostRuntimeProvider.dll
C:\Program Files\dotnet\sdk\7.0.100\Extensions\Microsoft.VisualStudio.TestPlatform.Extensions.Html.TestLogger.dll
C:\Program Files\dotnet\sdk\7.0.100\Extensions\Microsoft.VisualStudio.TestPlatform.Extensions.Trx.TestLogger.dll
TpTrace Verbose: 0 : 16284, 1, 2023/02/24, 16:50:18.874, 8920187022877, vstest.console.dll, TestPluginCache.GetExtensionPaths: Added unfilterableExtensionPaths: 
TpTrace Information: 0 : 16284, 1, 2023/02/24, 16:50:18.874, 8920187025527, vstest.console.dll, AssemblyResolver.AddSearchDirectories: Adding more searchDirectories C:\Program Files\dotnet\sdk\7.0.100\Extensions,C:\Program Files\dotnet\sdk\7.0.100
TpTrace Verbose: 0 : 16284, 1, 2023/02/24, 16:50:18.874, 8920187026737, vstest.console.dll, TestPluginCache.DiscoverTestExtensions: Discovering the extensions using extension path.
TpTrace Verbose: 0 : 16284, 1, 2023/02/24, 16:50:18.874, 8920187027880, vstest.console.dll, TestPluginCache.GetExtensionPaths: Filtered extension paths: 
TpTrace Verbose: 0 : 16284, 1, 2023/02/24, 16:50:18.874, 8920187028993, vstest.console.dll, TestPluginCache.GetExtensionPaths: Added default extension paths: C:\Program Files\dotnet\sdk\7.0.100\Extensions\Microsoft.Diagnostics.NETCore.Client.dll
C:\Program Files\dotnet\sdk\7.0.100\Extensions\Microsoft.TestPlatform.Extensions.BlameDataCollector.dll
C:\Program Files\dotnet\sdk\7.0.100\Extensions\Microsoft.TestPlatform.Extensions.EventLogCollector.dll
C:\Program Files\dotnet\sdk\7.0.100\Extensions\Microsoft.TestPlatform.TestHostRuntimeProvider.dll
C:\Program Files\dotnet\sdk\7.0.100\Extensions\Microsoft.VisualStudio.TestPlatform.Extensions.Html.TestLogger.dll
C:\Program Files\dotnet\sdk\7.0.100\Extensions\Microsoft.VisualStudio.TestPlatform.Extensions.Trx.TestLogger.dll
TpTrace Verbose: 0 : 16284, 1, 2023/02/24, 16:50:18.874, 8920187029991, vstest.console.dll, TestPluginCache.GetExtensionPaths: Added unfilterableExtensionPaths: 
TpTrace Verbose: 0 : 16284, 1, 2023/02/24, 16:50:18.874, 8920187031067, vstest.console.dll, TestPluginCache.DiscoverTestExtensions: Discovering the extensions using allExtensionPaths: C:\Program Files\dotnet\sdk\7.0.100\Extensions\Microsoft.Diagnostics.NETCore.Client.dll
C:\Program Files\dotnet\sdk\7.0.100\Extensions\Microsoft.TestPlatform.Extensions.BlameDataCollector.dll
C:\Program Files\dotnet\sdk\7.0.100\Extensions\Microsoft.TestPlatform.Extensions.EventLogCollector.dll
C:\Program Files\dotnet\sdk\7.0.100\Extensions\Microsoft.TestPlatform.TestHostRuntimeProvider.dll
C:\Program Files\dotnet\sdk\7.0.100\Extensions\Microsoft.VisualStudio.TestPlatform.Extensions.Html.TestLogger.dll
C:\Program Files\dotnet\sdk\7.0.100\Extensions\Microsoft.VisualStudio.TestPlatform.Extensions.Trx.TestLogger.dll
TpTrace Information: 0 : 16284, 1, 2023/02/24, 16:50:18.875, 8920187033255, vstest.console.dll, AssemblyResolver.AddSearchDirectories: Adding more searchDirectories C:\Program Files\dotnet\sdk\7.0.100\Extensions,C:\Program Files\dotnet\sdk\7.0.100
TpTrace Information: 0 : 16284, 1, 2023/02/24, 16:50:18.875, 8920187034583, vstest.console.dll, AssemblyResolver.AddSearchDirectories: Adding more searchDirectories C:\Program Files\dotnet\sdk\7.0.100\Extensions,C:\Program Files\dotnet\sdk\7.0.100
TpTrace Information: 0 : 16284, 1, 2023/02/24, 16:50:18.875, 8920187035681, vstest.console.dll, AssemblyResolver.AddSearchDirectories: Adding more searchDirectories C:\Program Files\dotnet\sdk\7.0.100\Extensions,C:\Program Files\dotnet\sdk\7.0.100
TpTrace Information: 0 : 16284, 1, 2023/02/24, 16:50:18.875, 8920187036758, vstest.console.dll, AssemblyResolver.AddSearchDirectories: Adding more searchDirectories C:\Program Files\dotnet\sdk\7.0.100\Extensions,C:\Program Files\dotnet\sdk\7.0.100
TpTrace Information: 0 : 16284, 1, 2023/02/24, 16:50:18.875, 8920187037937, vstest.console.dll, AssemblyResolver.AddSearchDirectories: Adding more searchDirectories C:\Program Files\dotnet\sdk\7.0.100\Extensions,C:\Program Files\dotnet\sdk\7.0.100
TpTrace Information: 0 : 16284, 1, 2023/02/24, 16:50:18.875, 8920187038994, vstest.console.dll, AssemblyResolver.AddSearchDirectories: Adding more searchDirectories C:\Program Files\dotnet\sdk\7.0.100\Extensions,C:\Program Files\dotnet\sdk\7.0.100
TpTrace Verbose: 0 : 16284, 1, 2023/02/24, 16:50:18.875, 8920187041307, vstest.console.dll, MetadataReaderExtensionsHelper: Discovering extensions inside assembly 'Microsoft.Diagnostics.NETCore.Client, Version=0.2.6.42401, Culture=neutral, PublicKeyToken=31bf3856ad364e35' file path 'C:\Program Files\dotnet\sdk\7.0.100\Extensions\Microsoft.Diagnostics.NETCore.Client.dll'
TpTrace Information: 0 : 16284, 1, 2023/02/24, 16:50:18.877, 8920187055457, vstest.console.dll, AssemblyResolver.OnResolve: Microsoft.Bcl.AsyncInterfaces: Resolving assembly.
TpTrace Information: 0 : 16284, 1, 2023/02/24, 16:50:18.877, 8920187056949, vstest.console.dll, AssemblyResolver.OnResolve: Microsoft.Bcl.AsyncInterfaces: Resolved from cache.
TpTrace Verbose: 0 : 16284, 1, 2023/02/24, 16:50:18.877, 8920187057992, vstest.console.dll, CurrentDomainAssemblyResolve: Resolving assembly 'Microsoft.Bcl.AsyncInterfaces'.
TpTrace Information: 0 : 16284, 1, 2023/02/24, 16:50:18.877, 8920187059107, vstest.console.dll, AssemblyResolver.OnResolve: Microsoft.Bcl.AsyncInterfaces: Resolving assembly.
TpTrace Information: 0 : 16284, 1, 2023/02/24, 16:50:18.877, 8920187059758, vstest.console.dll, AssemblyResolver.OnResolve: Microsoft.Bcl.AsyncInterfaces: Resolved from cache.
TpTrace Verbose: 0 : 16284, 1, 2023/02/24, 16:50:18.877, 8920187060414, vstest.console.dll, CurrentDomainAssemblyResolve: Resolving assembly 'Microsoft.Bcl.AsyncInterfaces'.
TpTrace Verbose: 0 : 16284, 1, 2023/02/24, 16:50:18.877, 8920187061008, vstest.console.dll, CurrentDomainAssemblyResolve: Failed to resolve assembly 'Microsoft.Bcl.AsyncInterfaces'.
TpTrace Verbose: 0 : 16284, 1, 2023/02/24, 16:50:18.878, 8920187062905, vstest.console.dll, CurrentDomainAssemblyResolve: Failed to resolve assembly 'Microsoft.Bcl.AsyncInterfaces'.
TpTrace Warning: 0 : 16284, 1, 2023/02/24, 16:50:18.878, 8920187067161, vstest.console.dll, TestPluginDiscoverer: Failed to get types from assembly 'Microsoft.Diagnostics.NETCore.Client, Version=0.2.6.42401, Culture=neutral, PublicKeyToken=31bf3856ad364e35'. Error: System.Reflection.ReflectionTypeLoadException: Unable to load one or more of the requested types.
Could not load file or assembly 'Microsoft.Bcl.AsyncInterfaces, Version=1.0.0.0, Culture=neutral, PublicKeyToken=cc7b13ffcd2ddd51'. The system cannot find the file specified.
   at System.Reflection.RuntimeModule.GetTypes(RuntimeModule module)
   at System.Reflection.Assembly.GetTypes()
   at Microsoft.VisualStudio.TestPlatform.Common.ExtensionFramework.TestPluginDiscoverer.GetTestExtensionsFromAssembly[TPluginInfo,TExtension](Assembly assembly, Dictionary`2 pluginInfos, String filePath)
System.IO.FileNotFoundException: Could not load file or assembly 'Microsoft.Bcl.AsyncInterfaces, Version=1.0.0.0, Culture=neutral, PublicKeyToken=cc7b13ffcd2ddd51'. The system cannot find the file specified.
File name: 'Microsoft.Bcl.AsyncInterfaces, Version=1.0.0.0, Culture=neutral, PublicKeyToken=cc7b13ffcd2ddd51'
 ---> System.IO.FileNotFoundException: Could not load file or assembly 'Microsoft.Bcl.AsyncInterfaces, Culture=neutral, PublicKeyToken=null'. The system cannot find the file specified.
File name: 'Microsoft.Bcl.AsyncInterfaces, Culture=neutral, PublicKeyToken=null'
   at System.Reflection.RuntimeAssembly.InternalLoad(AssemblyName assemblyName, StackCrawlMark& stackMark, AssemblyLoadContext assemblyLoadContext, RuntimeAssembly requestingAssembly, Boolean throwOnFileNotFound)
   at System.Reflection.Assembly.Load(AssemblyName assemblyRef)
   at Microsoft.VisualStudio.TestPlatform.Common.ExtensionFramework.TestPluginCache.CurrentDomainAssemblyResolve(Object sender, AssemblyResolveEventArgs args)
   at System.Runtime.Loader.AssemblyLoadContext.GetFirstResolvedAssemblyFromResolvingEvent(AssemblyName assemblyName)
   at System.Runtime.Loader.AssemblyLoadContext.ResolveUsingEvent(AssemblyName assemblyName)
   at System.Runtime.Loader.AssemblyLoadContext.ResolveUsingResolvingEvent(IntPtr gchManagedAssemblyLoadContext, AssemblyName assemblyName)
TpTrace Warning: 0 : 16284, 1, 2023/02/24, 16:50:18.878, 8920187070125, vstest.console.dll, LoaderExceptions: System.IO.FileNotFoundException: Could not load file or assembly 'Microsoft.Bcl.AsyncInterfaces, Version=1.0.0.0, Culture=neutral, PublicKeyToken=cc7b13ffcd2ddd51'. The system cannot find the file specified.
File name: 'Microsoft.Bcl.AsyncInterfaces, Version=1.0.0.0, Culture=neutral, PublicKeyToken=cc7b13ffcd2ddd51'
 ---> System.IO.FileNotFoundException: Could not load file or assembly 'Microsoft.Bcl.AsyncInterfaces, Culture=neutral, PublicKeyToken=null'. The system cannot find the file specified.
File name: 'Microsoft.Bcl.AsyncInterfaces, Culture=neutral, PublicKeyToken=null'
   at System.Reflection.RuntimeAssembly.InternalLoad(AssemblyName assemblyName, StackCrawlMark& stackMark, AssemblyLoadContext assemblyLoadContext, RuntimeAssembly requestingAssembly, Boolean throwOnFileNotFound)
   at System.Reflection.Assembly.Load(AssemblyName assemblyRef)
   at Microsoft.VisualStudio.TestPlatform.Common.ExtensionFramework.TestPluginCache.CurrentDomainAssemblyResolve(Object sender, AssemblyResolveEventArgs args)
   at System.Runtime.Loader.AssemblyLoadContext.GetFirstResolvedAssemblyFromResolvingEvent(AssemblyName assemblyName)
   at System.Runtime.Loader.AssemblyLoadContext.ResolveUsingEvent(AssemblyName assemblyName)
   at System.Runtime.Loader.AssemblyLoadContext.ResolveUsingResolvingEvent(IntPtr gchManagedAssemblyLoadContext, AssemblyName assemblyName)
TpTrace Verbose: 0 : 16284, 1, 2023/02/24, 16:50:18.878, 8920187071584, vstest.console.dll, MetadataReaderExtensionsHelper: Discovering extensions inside assembly 'Microsoft.TestPlatform.Extensions.BlameDataCollector, Version=15.0.0.0, Culture=neutral, PublicKeyToken=b03f5f7f11d50a3a' file path 'C:\Program Files\dotnet\sdk\7.0.100\Extensions\Microsoft.TestPlatform.Extensions.BlameDataCollector.dll'
TpTrace Information: 0 : 16284, 1, 2023/02/24, 16:50:18.879, 8920187078912, vstest.console.dll, GetTestExtensionFromType: Register extension with identifier data 'logger://Microsoft/TestPlatform/Extensions/Blame/v1' and type 'Microsoft.TestPlatform.Extensions.BlameDataCollector.BlameLogger, Microsoft.TestPlatform.Extensions.BlameDataCollector, Version=15.0.0.0, Culture=neutral, PublicKeyToken=b03f5f7f11d50a3a' inside file 'C:\Program Files\dotnet\sdk\7.0.100\Extensions\Microsoft.TestPlatform.Extensions.BlameDataCollector.dll'
TpTrace Verbose: 0 : 16284, 1, 2023/02/24, 16:50:18.879, 8920187080500, vstest.console.dll, MetadataReaderExtensionsHelper: Discovering extensions inside assembly 'Microsoft.TestPlatform.Extensions.EventLogCollector, Version=15.0.0.0, Culture=neutral, PublicKeyToken=b03f5f7f11d50a3a' file path 'C:\Program Files\dotnet\sdk\7.0.100\Extensions\Microsoft.TestPlatform.Extensions.EventLogCollector.dll'
TpTrace Verbose: 0 : 16284, 1, 2023/02/24, 16:50:18.880, 8920187085273, vstest.console.dll, MetadataReaderExtensionsHelper: Discovering extensions inside assembly 'Microsoft.TestPlatform.TestHostRuntimeProvider, Version=15.0.0.0, Culture=neutral, PublicKeyToken=b03f5f7f11d50a3a' file path 'C:\Program Files\dotnet\sdk\7.0.100\Extensions\Microsoft.TestPlatform.TestHostRuntimeProvider.dll'
TpTrace Verbose: 0 : 16284, 1, 2023/02/24, 16:50:18.880, 8920187089950, vstest.console.dll, MetadataReaderExtensionsHelper: Discovering extensions inside assembly 'Microsoft.VisualStudio.TestPlatform.Extensions.Html.TestLogger, Version=15.0.0.0, Culture=neutral, PublicKeyToken=b03f5f7f11d50a3a' file path 'C:\Program Files\dotnet\sdk\7.0.100\Extensions\Microsoft.VisualStudio.TestPlatform.Extensions.Html.TestLogger.dll'
TpTrace Information: 0 : 16284, 1, 2023/02/24, 16:50:18.881, 8920187096812, vstest.console.dll, GetTestExtensionFromType: Register extension with identifier data 'logger://Microsoft/TestPlatform/HtmlLogger/v1' and type 'Microsoft.VisualStudio.TestPlatform.Extensions.HtmlLogger.HtmlLogger, Microsoft.VisualStudio.TestPlatform.Extensions.Html.TestLogger, Version=15.0.0.0, Culture=neutral, PublicKeyToken=b03f5f7f11d50a3a' inside file 'C:\Program Files\dotnet\sdk\7.0.100\Extensions\Microsoft.VisualStudio.TestPlatform.Extensions.Html.TestLogger.dll'
TpTrace Verbose: 0 : 16284, 1, 2023/02/24, 16:50:18.881, 8920187098481, vstest.console.dll, MetadataReaderExtensionsHelper: Discovering extensions inside assembly 'Microsoft.VisualStudio.TestPlatform.Extensions.Trx.TestLogger, Version=15.0.0.0, Culture=neutral, PublicKeyToken=b03f5f7f11d50a3a' file path 'C:\Program Files\dotnet\sdk\7.0.100\Extensions\Microsoft.VisualStudio.TestPlatform.Extensions.Trx.TestLogger.dll'
TpTrace Information: 0 : 16284, 1, 2023/02/24, 16:50:18.882, 8920187107837, vstest.console.dll, GetTestExtensionFromType: Register extension with identifier data 'logger://Microsoft/TestPlatform/TrxLogger/v1' and type 'Microsoft.VisualStudio.TestPlatform.Extensions.TrxLogger.TrxLogger, Microsoft.VisualStudio.TestPlatform.Extensions.Trx.TestLogger, Version=15.0.0.0, Culture=neutral, PublicKeyToken=b03f5f7f11d50a3a' inside file 'C:\Program Files\dotnet\sdk\7.0.100\Extensions\Microsoft.VisualStudio.TestPlatform.Extensions.Trx.TestLogger.dll'
TpTrace Verbose: 0 : 16284, 1, 2023/02/24, 16:50:18.882, 8920187110685, vstest.console.dll, TestPluginCache: Discovered the extensions using extension path ''.
TpTrace Verbose: 0 : 16284, 1, 2023/02/24, 16:50:18.882, 8920187111836, vstest.console.dll, TestPluginCache: Discoverers are ''.
TpTrace Verbose: 0 : 16284, 1, 2023/02/24, 16:50:18.883, 8920187112978, vstest.console.dll, TestPluginCache: Executors are ''.
TpTrace Verbose: 0 : 16284, 1, 2023/02/24, 16:50:18.883, 8920187113912, vstest.console.dll, TestPluginCache: Executors2 are ''.
TpTrace Verbose: 0 : 16284, 1, 2023/02/24, 16:50:18.883, 8920187114825, vstest.console.dll, TestPluginCache: Setting providers are ''.
TpTrace Verbose: 0 : 16284, 1, 2023/02/24, 16:50:18.883, 8920187116536, vstest.console.dll, TestPluginCache: Loggers are 'logger://Microsoft/TestPlatform/Extensions/Blame/v1,logger://Microsoft/TestPlatform/HtmlLogger/v1,logger://Microsoft/TestPlatform/TrxLogger/v1'.
TpTrace Verbose: 0 : 16284, 1, 2023/02/24, 16:50:18.883, 8920187117808, vstest.console.dll, TestPluginCache: TestHosts are 'HostProvider://DefaultTestHost,HostProvider://DotnetTestHost'.
TpTrace Verbose: 0 : 16284, 1, 2023/02/24, 16:50:18.883, 8920187119794, vstest.console.dll, TestPluginCache: DataCollectors are ''.
TpTrace Information: 0 : 16284, 1, 2023/02/24, 16:50:18.885, 8920187138033, vstest.console.dll, TestPluginManager.CreateTestExtension: Attempting to load test extension: Microsoft.TestPlatform.Extensions.BlameDataCollector.BlameLogger
TpTrace Verbose: 0 : 16284, 1, 2023/02/24, 16:50:18.896, 8920187251469, vstest.console.dll, TestEngine: Initializing Parallel Execution as MaxCpuCount is set to: 1
TpTrace Information: 0 : 16284, 1, 2023/02/24, 16:50:18.900, 8920187284337, vstest.console.dll, TestPluginManager.CreateTestExtension: Attempting to load test extension: Microsoft.VisualStudio.TestPlatform.CrossPlatEngine.Hosting.DefaultTestHostManager
TpTrace Information: 0 : 16284, 1, 2023/02/24, 16:50:18.903, 8920187318441, vstest.console.dll, TestPluginManager.CreateTestExtension: Attempting to load test extension: Microsoft.VisualStudio.TestPlatform.CrossPlatEngine.Hosting.DotnetTestHostManager
TpTrace Information: 0 : 16284, 1, 2023/02/24, 16:50:18.905, 8920187335750, vstest.console.dll, InferRunSettingsHelper.IsTestSettingsEnabled: Unable to navigate to RunSettings/MSTest. Current node: RunSettings
TpTrace Verbose: 0 : 16284, 1, 2023/02/24, 16:50:18.914, 8920187426325, vstest.console.dll, TestEngine.GetExecutionManager: Chosen execution manager 'Microsoft.VisualStudio.TestPlatform.CrossPlatEngine.Client.Parallel.ParallelProxyExecutionManager, Microsoft.TestPlatform.CrossPlatEngine, Version=15.0.0.0, Culture=neutral, PublicKeyToken=b03f5f7f11d50a3a' ParallelLevel '1'.
TpTrace Verbose: 0 : 16284, 1, 2023/02/24, 16:50:18.914, 8920187430293, vstest.console.dll, TestRunRequest.ExecuteAsync: Creating test run request.
TpTrace Verbose: 0 : 16284, 1, 2023/02/24, 16:50:18.915, 8920187434566, vstest.console.dll, TestRunRequest.ExecuteAsync: Starting.
TpTrace Information: 0 : 16284, 1, 2023/02/24, 16:50:18.916, 8920187442912, vstest.console.dll, TestRunRequest.ExecuteAsync: Starting run with settings:TestRunCriteria:
   KeepAlive=False,FrequencyOfRunStatsChangeEvent=10,RunStatsChangeEventTimeout=00:00:01.5000000,TestCaseFilter=,TestExecutorLauncher=
   Settingsxml=<RunSettings>
  <RunConfiguration>
    <ResultsDirectory>C:\Users\thonchel\Documents\Repos\FantasyFootballDraftGuide\FantasyFootballDraftGuide.PresentationTests\bin\Debug\net6.0\fine-code-coverage\coverage-tool-output</ResultsDirectory>
    <TargetPlatform>X64</TargetPlatform>
    <TargetFrameworkVersion>.NETCoreApp,Version=v6.0</TargetFrameworkVersion>
    <DesignMode>False</DesignMode>
    <CollectSourceInformation>False</CollectSourceInformation>
  </RunConfiguration>
  <LoggerRunSettings>
    <Loggers>
      <Logger friendlyName="blame" enabled="True" />
      <Logger friendlyName="Console" uri="logger://microsoft/TestPlatform/ConsoleLogger/v1" assemblyQualifiedName="Microsoft.VisualStudio.TestPlatform.CommandLine.Internal.ConsoleLogger, vstest.console, Version=15.0.0.0, Culture=neutral, PublicKeyToken=b03f5f7f11d50a3a" codeBase="C:\Program Files\dotnet\sdk\7.0.100\vstest.console.dll" enabled="True" />
    </Loggers>
  </LoggerRunSettings>
  <DataCollectionRunSettings>
    <DataCollectors>
      <DataCollector friendlyName="blame" enabled="True">
        <Configuration>
          <ResultsDirectory>C:\Users\thonchel\Documents\Repos\FantasyFootballDraftGuide\FantasyFootballDraftGuide.PresentationTests\bin\Debug\net6.0\fine-code-coverage\coverage-tool-output</ResultsDirectory>
        </Configuration>
      </DataCollector>
    </DataCollectors>
  </DataCollectionRunSettings>
</RunSettings>

TpTrace Verbose: 0 : 16284, 1, 2023/02/24, 16:50:18.916, 8920187445253, vstest.console.dll, TestRunRequest.ExecuteAsync: Wait for the first run request is over.
TpTrace Verbose: 0 : 16284, 1, 2023/02/24, 16:50:18.916, 8920187452004, vstest.console.dll, MulticastDelegateUtilities.SafeInvoke: TestRun.TestRunStart: Invoking callbacks was skipped because there are no subscribers.
TpTrace Verbose: 0 : 16284, 4, 2023/02/24, 16:50:18.917, 8920187456597, vstest.console.dll, MulticastDelegateUtilities.SafeInvoke: InternalTestLoggerEvents.SendTestRunStart: Invoking callback 1/1 for Microsoft.VisualStudio.TestPlatform.CommandLine.Internal.ConsoleLogger., took 0 ms.
TpTrace Verbose: 0 : 16284, 1, 2023/02/24, 16:50:18.919, 8920187473334, vstest.console.dll, ParallelProxyExecutionManager: Start execution. Total sources: 1
TpTrace Verbose: 0 : 16284, 1, 2023/02/24, 16:50:18.921, 8920187500589, vstest.console.dll, TestRequestSender is acting as server.
TpTrace Verbose: 0 : 16284, 1, 2023/02/24, 16:50:18.924, 8920187528916, vstest.console.dll, DataCollectionRequestSender.InitializeCommunication : Initialize communication. 
TpTrace Information: 0 : 16284, 1, 2023/02/24, 16:50:18.938, 8920187664361, vstest.console.dll, Listening on Endpoint : 127.0.0.1:60624
TpTrace Verbose: 0 : 16284, 1, 2023/02/24, 16:50:18.949, 8920187776711, vstest.console.dll, DotnetDataCollectionLauncher: Adding  --runtimeconfig "C:\Program Files\dotnet\sdk\7.0.100\datacollector.runtimeconfig.json" in args
TpTrace Verbose: 0 : 16284, 1, 2023/02/24, 16:50:18.949, 8920187779433, vstest.console.dll, DotnetDataCollectionLauncher: Adding  --depsfile "C:\Program Files\dotnet\sdk\7.0.100\datacollector.deps.json" in args
TpTrace Verbose: 0 : 16284, 1, 2023/02/24, 16:50:18.950, 8920187785665, vstest.console.dll, DotnetDataCollectionLauncher: Full path of dotnet.exe is C:\Program Files\dotnet\dotnet.exe
TpTrace Information: 0 : 16284, 1, 2023/02/24, 16:50:18.970, 8920187991495, vstest.console.dll, ProxyDataCollectionManager.Initialize: Launched datacollector processId: 39764 port: 60624
TpTrace Information: 0 : 16284, 1, 2023/02/24, 16:50:18.971, 8920187994965, vstest.console.dll, ProxyDataCollectionManager.Initialize: waiting for connection with timeout: 90 seconds
TpTrace Verbose: 0 : 16284, 1, 2023/02/24, 16:50:18.971, 8920187996450, vstest.console.dll, DataCollectionRequestSender.WaitForRequestHandlerConnection : Waiting for connection with timeout: 90000
TpTrace Verbose: 0 : 16284, 1, 2023/02/24, 16:50:19.398, 8920192271978, vstest.console.dll, SocketCommunicationManager.WaitForClientConnection took: 427 ms, with 90000 ms timeout, and finished with True.
TpTrace Information: 0 : 16284, 7, 2023/02/24, 16:50:19.398, 8920192271948, vstest.console.dll, Using the buffer size of 16384 bytes
TpTrace Information: 0 : 16284, 7, 2023/02/24, 16:50:19.399, 8920192276455, vstest.console.dll, Accepted Client request and set the flag
TpTrace Verbose: 0 : 16284, 1, 2023/02/24, 16:50:19.399, 8920192275179, vstest.console.dll, ProxyDataCollectionManager.InvokeDataCollectionServiceAction: Starting.
TpTrace Information: 0 : 16284, 1, 2023/02/24, 16:50:19.399, 8920192279117, vstest.console.dll, ProxyDataCollectionManager.BeforeTestRunStart: Get environment variable and port for datacollector processId: 39764 port: 60624
TpTrace Verbose: 0 : 16284, 1, 2023/02/24, 16:50:19.400, 8920192282472, vstest.console.dll, DataCollectionRequestSender.SendBeforeTestRunStartAndGetResult: Send BeforeTestRunStart message with settingsXml <RunSettings><RunConfiguration><ResultsDirectory>C:\Users\thonchel\Documents\Repos\FantasyFootballDraftGuide\FantasyFootballDraftGuide.PresentationTests\bin\Debug\net6.0\fine-code-coverage\coverage-tool-output</ResultsDirectory><TargetPlatform>X64</TargetPlatform><TargetFrameworkVersion>.NETCoreApp,Version=v6.0</TargetFrameworkVersion><DesignMode>False</DesignMode><CollectSourceInformation>False</CollectSourceInformation><TestAdaptersPaths>C:\Program Files\dotnet\sdk\7.0.100\Extensions</TestAdaptersPaths></RunConfiguration><LoggerRunSettings><Loggers><Logger friendlyName="blame" enabled="True" /><Logger friendlyName="Console" uri="logger://microsoft/TestPlatform/ConsoleLogger/v1" assemblyQualifiedName="Microsoft.VisualStudio.TestPlatform.CommandLine.Internal.ConsoleLogger, vstest.console, Version=15.0.0.0, Culture=neutral, PublicKeyToken=b03f5f7f11d50a3a" codeBase="C:\Program Files\dotnet\sdk\7.0.100\vstest.console.dll" enabled="True" /></Loggers></LoggerRunSettings><DataCollectionRunSettings><DataCollectors><DataCollector friendlyName="blame" enabled="True"><Configuration><ResultsDirectory>C:\Users\thonchel\Documents\Repos\FantasyFootballDraftGuide\FantasyFootballDraftGuide.PresentationTests\bin\Debug\net6.0\fine-code-coverage\coverage-tool-output</ResultsDirectory></Configuration></DataCollector></DataCollectors></DataCollectionRunSettings></RunSettings> and sources System.Collections.Generic.List`1[System.String]: 
TpTrace Verbose: 0 : 16284, 1, 2023/02/24, 16:50:19.527, 8920193561740, vstest.console.dll, DataCollectionRequestSender.SendBeforeTestRunStartAndGetResult: Received message: (DataCollection.SendMessage) -> {"MessageType":"DataCollection.SendMessage","Payload":{"FriendlyName":null,"Uri":null,"TestCaseId":"00000000-0000-0000-0000-000000000000","Message":"Logging DataCollector Diagnostics in file: C:\\Users\\thonchel\\Documents\\Repos\\FantasyFootballDraftGuide\\FantasyFootballDraftGuide.PresentationTests\\bin\\Debug\\net6.0\\fine-code-coverage\\coverage-tool-output\\diagnostics.datacollector.23-02-24_16-50-18_94873_1.log","Level":0}}
TpTrace Verbose: 0 : 16284, 1, 2023/02/24, 16:50:19.653, 8920194820030, vstest.console.dll, DataCollectionRequestSender.SendBeforeTestRunStartAndGetResult: Received message: (DataCollection.BeforeTestRunStartResult) -> {"MessageType":"DataCollection.BeforeTestRunStartResult","Payload":{"EnvironmentVariables":{},"DataCollectionEventsPort":60626}}
TpTrace Information: 0 : 16284, 1, 2023/02/24, 16:50:19.659, 8920194880431, vstest.console.dll, ProxyDataCollectionManager.BeforeTestRunStart: SendBeforeTestRunStartAndGetResult successful, env variable from datacollector:   and testhost port: 60626
TpTrace Information: 0 : 16284, 1, 2023/02/24, 16:50:19.659, 8920194882356, vstest.console.dll, ProxyDataCollectionManager.InvokeDataCollectionServiceAction: Completed.
TpTrace Verbose: 0 : 16284, 7, 2023/02/24, 16:50:19.660, 8920194884289, vstest.console.dll, ParallelProxyExecutionManager: Execution started. Started clients: 1
TpTrace Verbose: 0 : 16284, 1, 2023/02/24, 16:50:19.660, 8920194884684, vstest.console.dll, ProxyParallelExecutionManager: No sources available for execution.
TpTrace Information: 0 : 16284, 1, 2023/02/24, 16:50:19.660, 8920194887159, vstest.console.dll, TestRunRequest.ExecuteAsync: Started.
TpTrace Verbose: 0 : 16284, 7, 2023/02/24, 16:50:19.660, 8920194887932, vstest.console.dll, TestRunRequest:SendTestRunMessage: Starting.
TpTrace Verbose: 0 : 16284, 1, 2023/02/24, 16:50:19.660, 8920194888414, vstest.console.dll, TestRunRequest.WaitForCompletion: Waiting with timeout -1.
TpTrace Verbose: 0 : 16284, 7, 2023/02/24, 16:50:19.660, 8920194890118, vstest.console.dll, MulticastDelegateUtilities.SafeInvoke: TestRun.LogMessages: Invoking callback 1/1 for Microsoft.VisualStudio.TestPlatform.CommandLine.TestRunResultAggregator., took 0 ms.
TpTrace Information: 0 : 16284, 7, 2023/02/24, 16:50:19.660, 8920194891331, vstest.console.dll, TestRunRequest:SendTestRunMessage: Completed.
TpTrace Verbose: 0 : 16284, 4, 2023/02/24, 16:50:19.661, 8920194892699, vstest.console.dll, MulticastDelegateUtilities.SafeInvoke: InternalTestLoggerEvents.SendTestRunMessage: Invoking callback 1/1 for Microsoft.VisualStudio.TestPlatform.CommandLine.Internal.ConsoleLogger., took 0 ms.
TpTrace Verbose: 0 : 16284, 7, 2023/02/24, 16:50:19.661, 8920194893641, vstest.console.dll, ProxyExecutionManager: Test host is always Lazy initialize.
TpTrace Verbose: 0 : 16284, 7, 2023/02/24, 16:50:19.661, 8920194898844, vstest.console.dll, TestRequestSender.InitializeCommunication: initialize communication. 
TpTrace Information: 0 : 16284, 7, 2023/02/24, 16:50:19.662, 8920194906979, vstest.console.dll, SocketServer.Start: Listening on endpoint : 127.0.0.1:60627
TpTrace Verbose: 0 : 16284, 7, 2023/02/24, 16:50:19.663, 8920194920204, vstest.console.dll, DotnetTestHostmanager.GetTestHostProcessStartInfo: Platform environment 'X64' target architecture 'X64' framework '.NETCoreApp,Version=v6.0' OS 'Windows'
TpTrace Verbose: 0 : 16284, 7, 2023/02/24, 16:50:19.664, 8920194924268, vstest.console.dll, DotnetTestHostmanager: Adding  --runtimeconfig "C:\Users\thonchel\Documents\Repos\FantasyFootballDraftGuide\FantasyFootballDraftGuide.PresentationTests\bin\Debug\net6.0\fine-code-coverage\build-output\FantasyFootballDraftGuide.PresentationTests.runtimeconfig.json" in args
TpTrace Verbose: 0 : 16284, 7, 2023/02/24, 16:50:19.664, 8920194925984, vstest.console.dll, DotnetTestHostmanager: Adding  --depsfile "C:\Users\thonchel\Documents\Repos\FantasyFootballDraftGuide\FantasyFootballDraftGuide.PresentationTests\bin\Debug\net6.0\fine-code-coverage\build-output\FantasyFootballDraftGuide.PresentationTests.deps.json" in args
TpTrace Verbose: 0 : 16284, 7, 2023/02/24, 16:50:19.664, 8920194929106, vstest.console.dll, DotnetTestHostmanager.IsWinOnArm: Current PROCESSOR_ARCHITECTURE from environment variable 'AMD64'
TpTrace Verbose: 0 : 16284, 7, 2023/02/24, 16:50:19.664, 8920194930226, vstest.console.dll, DotnetTestHostmanager.IsWinOnArm: Is Windows on ARM 'False'
TpTrace Verbose: 0 : 16284, 7, 2023/02/24, 16:50:19.664, 8920194931740, vstest.console.dll, DotnetTestHostManager: testhost.exe found at path: C:\Users\thonchel\Documents\Repos\FantasyFootballDraftGuide\FantasyFootballDraftGuide.PresentationTests\bin\Debug\net6.0\fine-code-coverage\build-output\testhost.exe
TpTrace Verbose: 0 : 16284, 7, 2023/02/24, 16:50:19.665, 8920194932649, vstest.console.dll, DotnetTestHostmanager: Full path of host exe is C:\Users\thonchel\Documents\Repos\FantasyFootballDraftGuide\FantasyFootballDraftGuide.PresentationTests\bin\Debug\net6.0\fine-code-coverage\build-output\testhost.exe
TpTrace Verbose: 0 : 16284, 7, 2023/02/24, 16:50:19.665, 8920194934820, vstest.console.dll, DotnetTestHostmanager.LaunchTestHostAsync: Found 'VSTEST_WINAPPHOST_DOTNET_ROOT' in env variables, value 'C:\Program Files\dotnet', forwarding to 'DOTNET_ROOT'
TpTrace Verbose: 0 : 16284, 7, 2023/02/24, 16:50:19.665, 8920194940067, vstest.console.dll, DotnetTestHostManager: Starting process 'C:\Users\thonchel\Documents\Repos\FantasyFootballDraftGuide\FantasyFootballDraftGuide.PresentationTests\bin\Debug\net6.0\fine-code-coverage\build-output\testhost.exe' with command line ' --runtimeconfig "C:\Users\thonchel\Documents\Repos\FantasyFootballDraftGuide\FantasyFootballDraftGuide.PresentationTests\bin\Debug\net6.0\fine-code-coverage\build-output\FantasyFootballDraftGuide.PresentationTests.runtimeconfig.json" --depsfile "C:\Users\thonchel\Documents\Repos\FantasyFootballDraftGuide\FantasyFootballDraftGuide.PresentationTests\bin\Debug\net6.0\fine-code-coverage\build-output\FantasyFootballDraftGuide.PresentationTests.deps.json" --port 60627 --endpoint 127.0.0.1:060627 --role client --parentprocessid 16284 --diag "C:\Users\thonchel\Documents\Repos\FantasyFootballDraftGuide\FantasyFootballDraftGuide.PresentationTests\bin\Debug\net6.0\fine-code-coverage\coverage-tool-output\diagnostics.host.23-02-24_16-50-19_66309_7.log" --tracelevel 4 --datacollectionport 60626 --telemetryoptedin false'
TpTrace Verbose: 0 : 16284, 7, 2023/02/24, 16:50:19.682, 8920195112221, vstest.console.dll, MulticastDelegateUtilities.SafeInvoke: HostProviderEvents.OnHostLaunched: Invoking callback 1/2 for Microsoft.VisualStudio.TestPlatform.CrossPlatEngine.Client.ProxyExecutionManagerWithDataCollection., took 2 ms.
TpTrace Verbose: 0 : 16284, 7, 2023/02/24, 16:50:19.683, 8920195119763, vstest.console.dll, Test Runtime launched
TpTrace Verbose: 0 : 16284, 7, 2023/02/24, 16:50:19.683, 8920195122054, vstest.console.dll, MulticastDelegateUtilities.SafeInvoke: HostProviderEvents.OnHostLaunched: Invoking callback 2/2 for Microsoft.VisualStudio.TestPlatform.CrossPlatEngine.Client.ProxyOperationManager., took 0 ms.
TpTrace Verbose: 0 : 16284, 7, 2023/02/24, 16:50:19.684, 8920195125111, vstest.console.dll, TestRequestSender.WaitForRequestHandlerConnection: waiting for connection with timeout: 90000.
TpTrace Verbose: 0 : 16284, 7, 2023/02/24, 16:50:20.083, 8920199119086, vstest.console.dll, TestRequestSender.WaitForRequestHandlerConnection: waiting took 399 ms, with timeout 90000 ms, and result 0, which is success.
TpTrace Verbose: 0 : 16284, 12, 2023/02/24, 16:50:20.083, 8920199119088, vstest.console.dll, MulticastDelegateUtilities.SafeInvoke: SocketServer: ClientConnected: Invoking callback 1/1 for Microsoft.VisualStudio.TestPlatform.CommunicationUtilities.TestRequestSender., took 0 ms.
TpTrace Verbose: 0 : 16284, 12, 2023/02/24, 16:50:20.084, 8920199123224, vstest.console.dll, SocketServer.OnClientConnected: Client connected for endPoint: 127.0.0.1:60627, starting MessageLoopAsync:
TpTrace Verbose: 0 : 16284, 12, 2023/02/24, 16:50:20.085, 8920199133622, vstest.console.dll, TcpClientExtensions.MessageLoopAsync: Polling on remoteEndPoint: 127.0.0.1:60628 localEndPoint: 127.0.0.1:60627
TpTrace Verbose: 0 : 16284, 7, 2023/02/24, 16:50:20.086, 8920199143987, vstest.console.dll, TestRequestSender.CheckVersionWithTestHost: Sending check version message: {"MessageType":"ProtocolVersion","Payload":7}
TpTrace Verbose: 0 : 16284, 12, 2023/02/24, 16:50:20.346, 8920201743913, vstest.console.dll, TcpClientExtensions.MessageLoopAsync: NotifyDataAvailable remoteEndPoint: 127.0.0.1:60628 localEndPoint: 127.0.0.1:60627
TpTrace Verbose: 0 : 16284, 12, 2023/02/24, 16:50:20.346, 8920201749675, vstest.console.dll, TestRequestSender.CheckVersionWithTestHost: onMessageReceived received message: (ProtocolVersion) -> {"MessageType":"ProtocolVersion","Payload":5}
TpTrace Verbose: 0 : 16284, 12, 2023/02/24, 16:50:20.348, 8920201762451, vstest.console.dll, MulticastDelegateUtilities.SafeInvoke: LengthPrefixCommunicationChannel: MessageReceived: Invoking callback 1/1 for Microsoft.VisualStudio.TestPlatform.CommunicationUtilities.TestRequestSender+<>c__DisplayClass26_0., took 1 ms.
TpTrace Verbose: 0 : 16284, 7, 2023/02/24, 16:50:20.348, 8920201763877, vstest.console.dll, TestPluginCache.GetExtensionPaths: Filtered extension paths: 
TpTrace Verbose: 0 : 16284, 12, 2023/02/24, 16:50:20.348, 8920201766615, vstest.console.dll, TcpClientExtensions.MessageLoopAsync: Polling on remoteEndPoint: 127.0.0.1:60628 localEndPoint: 127.0.0.1:60627
TpTrace Verbose: 0 : 16284, 7, 2023/02/24, 16:50:20.348, 8920201765883, vstest.console.dll, TestPluginCache.GetExtensionPaths: Added default extension paths: C:\Program Files\dotnet\sdk\7.0.100\Extensions\Microsoft.Diagnostics.NETCore.Client.dll
C:\Program Files\dotnet\sdk\7.0.100\Extensions\Microsoft.TestPlatform.Extensions.BlameDataCollector.dll
C:\Program Files\dotnet\sdk\7.0.100\Extensions\Microsoft.TestPlatform.Extensions.EventLogCollector.dll
C:\Program Files\dotnet\sdk\7.0.100\Extensions\Microsoft.TestPlatform.TestHostRuntimeProvider.dll
C:\Program Files\dotnet\sdk\7.0.100\Extensions\Microsoft.VisualStudio.TestPlatform.Extensions.Html.TestLogger.dll
C:\Program Files\dotnet\sdk\7.0.100\Extensions\Microsoft.VisualStudio.TestPlatform.Extensions.Trx.TestLogger.dll
TpTrace Verbose: 0 : 16284, 7, 2023/02/24, 16:50:20.348, 8920201770342, vstest.console.dll, TestPluginCache.GetExtensionPaths: Added unfilterableExtensionPaths: 
TpTrace Verbose: 0 : 16284, 7, 2023/02/24, 16:50:20.357, 8920201854037, vstest.console.dll, TestRequestSender.InitializeExecution: Sending initialize execution with message: {"Version":5,"MessageType":"TestExecution.Initialize","Payload":["C:\\Users\\thonchel\\Documents\\Repos\\FantasyFootballDraftGuide\\FantasyFootballDraftGuide.PresentationTests\\bin\\Debug\\net6.0\\fine-code-coverage\\build-output\\NUnit3.TestAdapter.dll"]}
TpTrace Warning: 0 : 16284, 7, 2023/02/24, 16:50:20.358, 8920201863202, vstest.console.dll, InferRunSettingsHelper.MakeRunsettingsCompatible: Removing the following settings: TargetPlatform from RunSettings file. To use those settings please move to latest version of Microsoft.NET.Test.Sdk
TpTrace Verbose: 0 : 16284, 12, 2023/02/24, 16:50:20.368, 8920201963346, vstest.console.dll, TcpClientExtensions.MessageLoopAsync: NotifyDataAvailable remoteEndPoint: 127.0.0.1:60628 localEndPoint: 127.0.0.1:60627
TpTrace Verbose: 0 : 16284, 12, 2023/02/24, 16:50:20.368, 8920201971243, vstest.console.dll, TestRequestSender.OnExecutionMessageReceived: Received message: {"Version":5,"MessageType":"TestSession.Message","Payload":{"MessageLevel":0,"Message":"Logging TestHost Diagnostics in file: C:\\Users\\thonchel\\Documents\\Repos\\FantasyFootballDraftGuide\\FantasyFootballDraftGuide.PresentationTests\\bin\\Debug\\net6.0\\fine-code-coverage\\coverage-tool-output\\diagnostics.host.23-02-24_16-50-19_66309_7.log"}}
TpTrace Verbose: 0 : 16284, 12, 2023/02/24, 16:50:20.373, 8920202020722, vstest.console.dll, TestRunRequest:SendTestRunMessage: Starting.
TpTrace Verbose: 0 : 16284, 12, 2023/02/24, 16:50:20.374, 8920202024877, vstest.console.dll, MulticastDelegateUtilities.SafeInvoke: TestRun.LogMessages: Invoking callback 1/1 for Microsoft.VisualStudio.TestPlatform.CommandLine.TestRunResultAggregator., took 0 ms.
TpTrace Verbose: 0 : 16284, 4, 2023/02/24, 16:50:20.374, 8920202025077, vstest.console.dll, MulticastDelegateUtilities.SafeInvoke: InternalTestLoggerEvents.SendTestRunMessage: Invoking callback 1/1 for Microsoft.VisualStudio.TestPlatform.CommandLine.Internal.ConsoleLogger., took 0 ms.
TpTrace Information: 0 : 16284, 12, 2023/02/24, 16:50:20.374, 8920202026360, vstest.console.dll, TestRunRequest:SendTestRunMessage: Completed.
TpTrace Verbose: 0 : 16284, 12, 2023/02/24, 16:50:20.374, 8920202028543, vstest.console.dll, MulticastDelegateUtilities.SafeInvoke: LengthPrefixCommunicationChannel: MessageReceived: Invoking callback 1/1 for Microsoft.VisualStudio.TestPlatform.CommunicationUtilities.TestRequestSender+<>c__DisplayClass31_0., took 6 ms.
TpTrace Verbose: 0 : 16284, 12, 2023/02/24, 16:50:20.374, 8920202029345, vstest.console.dll, TcpClientExtensions.MessageLoopAsync: Polling on remoteEndPoint: 127.0.0.1:60628 localEndPoint: 127.0.0.1:60627
TpTrace Verbose: 0 : 16284, 7, 2023/02/24, 16:50:20.375, 8920202037522, vstest.console.dll, TestRequestSender.StartTestRun: Sending test run with message: {"Version":5,"MessageType":"TestExecution.StartWithSources","Payload":{"AdapterSourceMap":{"_none_":["C:\\Users\\thonchel\\Documents\\Repos\\FantasyFootballDraftGuide\\FantasyFootballDraftGuide.PresentationTests\\bin\\Debug\\net6.0\\fine-code-coverage\\build-output\\FantasyFootballDraftGuide.PresentationTests.dll"]},"RunSettings":"<RunSettings>\r\n  <RunConfiguration>\r\n    <ResultsDirectory>C:\\Users\\thonchel\\Documents\\Repos\\FantasyFootballDraftGuide\\FantasyFootballDraftGuide.PresentationTests\\bin\\Debug\\net6.0\\fine-code-coverage\\coverage-tool-output</ResultsDirectory>\r\n    <TargetFrameworkVersion>.NETCoreApp,Version=v6.0</TargetFrameworkVersion>\r\n    <DesignMode>False</DesignMode>\r\n    <CollectSourceInformation>False</CollectSourceInformation>\r\n  </RunConfiguration>\r\n  <LoggerRunSettings>\r\n    <Loggers>\r\n      <Logger friendlyName=\"blame\" enabled=\"True\" />\r\n      <Logger friendlyName=\"Console\" uri=\"logger://microsoft/TestPlatform/ConsoleLogger/v1\" assemblyQualifiedName=\"Microsoft.VisualStudio.TestPlatform.CommandLine.Internal.ConsoleLogger, vstest.console, Version=15.0.0.0, Culture=neutral, PublicKeyToken=b03f5f7f11d50a3a\" codeBase=\"C:\\Program Files\\dotnet\\sdk\\7.0.100\\vstest.console.dll\" enabled=\"True\" />\r\n    </Loggers>\r\n  </LoggerRunSettings>\r\n  <DataCollectionRunSettings>\r\n    <DataCollectors>\r\n      <DataCollector friendlyName=\"blame\" enabled=\"True\">\r\n        <Configuration>\r\n          <ResultsDirectory>C:\\Users\\thonchel\\Documents\\Repos\\FantasyFootballDraftGuide\\FantasyFootballDraftGuide.PresentationTests\\bin\\Debug\\net6.0\\fine-code-coverage\\coverage-tool-output</ResultsDirectory>\r\n        </Configuration>\r\n      </DataCollector>\r\n    </DataCollectors>\r\n  </DataCollectionRunSettings>\r\n</RunSettings>","TestExecutionContext":{"FrequencyOfRunStatsChangeEvent":10,"RunStatsChangeEventTimeout":"00:00:01.5000000","InIsolation":false,"KeepAlive":false,"AreTestCaseLevelEventsRequired":false,"IsDebug":false,"TestCaseFilter":null,"FilterOptions":null},"Package":null}}
TpTrace Verbose: 0 : 16284, 12, 2023/02/24, 16:50:20.704, 8920205327399, vstest.console.dll, TcpClientExtensions.MessageLoopAsync: NotifyDataAvailable remoteEndPoint: 127.0.0.1:60628 localEndPoint: 127.0.0.1:60627
TpTrace Verbose: 0 : 16284, 12, 2023/02/24, 16:50:20.704, 8920205330448, vstest.console.dll, TestRequestSender.OnExecutionMessageReceived: Received message: {"Version":5,"MessageType":"TestSession.Message","Payload":{"MessageLevel":0,"Message":"NUnit Adapter 4.0.0.0: Test execution started"}}
TpTrace Verbose: 0 : 16284, 12, 2023/02/24, 16:50:20.705, 8920205337267, vstest.console.dll, TestRunRequest:SendTestRunMessage: Starting.
TpTrace Verbose: 0 : 16284, 12, 2023/02/24, 16:50:20.705, 8920205339493, vstest.console.dll, MulticastDelegateUtilities.SafeInvoke: TestRun.LogMessages: Invoking callback 1/1 for Microsoft.VisualStudio.TestPlatform.CommandLine.TestRunResultAggregator., took 0 ms.
TpTrace Verbose: 0 : 16284, 4, 2023/02/24, 16:50:20.705, 8920205339801, vstest.console.dll, MulticastDelegateUtilities.SafeInvoke: InternalTestLoggerEvents.SendTestRunMessage: Invoking callback 1/1 for Microsoft.VisualStudio.TestPlatform.CommandLine.Internal.ConsoleLogger., took 0 ms.
TpTrace Information: 0 : 16284, 12, 2023/02/24, 16:50:20.705, 8920205340624, vstest.console.dll, TestRunRequest:SendTestRunMessage: Completed.
TpTrace Verbose: 0 : 16284, 12, 2023/02/24, 16:50:20.706, 8920205343655, vstest.console.dll, MulticastDelegateUtilities.SafeInvoke: LengthPrefixCommunicationChannel: MessageReceived: Invoking callback 1/1 for Microsoft.VisualStudio.TestPlatform.CommunicationUtilities.TestRequestSender+<>c__DisplayClass31_0., took 1 ms.
TpTrace Verbose: 0 : 16284, 12, 2023/02/24, 16:50:20.706, 8920205344635, vstest.console.dll, TcpClientExtensions.MessageLoopAsync: Polling on remoteEndPoint: 127.0.0.1:60628 localEndPoint: 127.0.0.1:60627
TpTrace Verbose: 0 : 16284, 12, 2023/02/24, 16:50:20.775, 8920206036624, vstest.console.dll, TcpClientExtensions.MessageLoopAsync: NotifyDataAvailable remoteEndPoint: 127.0.0.1:60628 localEndPoint: 127.0.0.1:60627
TpTrace Verbose: 0 : 16284, 12, 2023/02/24, 16:50:20.775, 8920206039678, vstest.console.dll, TestRequestSender.OnExecutionMessageReceived: Received message: {"Version":5,"MessageType":"TestSession.Message","Payload":{"MessageLevel":0,"Message":"Running all tests in C:\\Users\\thonchel\\Documents\\Repos\\FantasyFootballDraftGuide\\FantasyFootballDraftGuide.PresentationTests\\bin\\Debug\\net6.0\\fine-code-coverage\\build-output\\FantasyFootballDraftGuide.PresentationTests.dll"}}
TpTrace Verbose: 0 : 16284, 12, 2023/02/24, 16:50:20.775, 8920206042071, vstest.console.dll, TestRunRequest:SendTestRunMessage: Starting.
TpTrace Verbose: 0 : 16284, 12, 2023/02/24, 16:50:20.776, 8920206043564, vstest.console.dll, MulticastDelegateUtilities.SafeInvoke: TestRun.LogMessages: Invoking callback 1/1 for Microsoft.VisualStudio.TestPlatform.CommandLine.TestRunResultAggregator., took 0 ms.
TpTrace Information: 0 : 16284, 12, 2023/02/24, 16:50:20.776, 8920206044563, vstest.console.dll, TestRunRequest:SendTestRunMessage: Completed.
TpTrace Verbose: 0 : 16284, 4, 2023/02/24, 16:50:20.776, 8920206043931, vstest.console.dll, MulticastDelegateUtilities.SafeInvoke: InternalTestLoggerEvents.SendTestRunMessage: Invoking callback 1/1 for Microsoft.VisualStudio.TestPlatform.CommandLine.Internal.ConsoleLogger., took 0 ms.
TpTrace Verbose: 0 : 16284, 12, 2023/02/24, 16:50:20.776, 8920206045524, vstest.console.dll, MulticastDelegateUtilities.SafeInvoke: LengthPrefixCommunicationChannel: MessageReceived: Invoking callback 1/1 for Microsoft.VisualStudio.TestPlatform.CommunicationUtilities.TestRequestSender+<>c__DisplayClass31_0., took 0 ms.
TpTrace Verbose: 0 : 16284, 12, 2023/02/24, 16:50:20.776, 8920206047871, vstest.console.dll, TcpClientExtensions.MessageLoopAsync: Polling on remoteEndPoint: 127.0.0.1:60628 localEndPoint: 127.0.0.1:60627
TpTrace Verbose: 0 : 16284, 12, 2023/02/24, 16:50:21.036, 8920208646512, vstest.console.dll, TcpClientExtensions.MessageLoopAsync: NotifyDataAvailable remoteEndPoint: 127.0.0.1:60628 localEndPoint: 127.0.0.1:60627
TpTrace Verbose: 0 : 16284, 12, 2023/02/24, 16:50:21.036, 8920208648843, vstest.console.dll, TestRequestSender.OnExecutionMessageReceived: Received message: {"Version":5,"MessageType":"TestSession.Message","Payload":{"MessageLevel":0,"Message":"   NUnit3TestExecutor discovered 2 of 2 NUnit test cases using Current Discovery mode, Non-Explicit run"}}
TpTrace Verbose: 0 : 16284, 12, 2023/02/24, 16:50:21.037, 8920208652463, vstest.console.dll, TestRunRequest:SendTestRunMessage: Starting.
TpTrace Verbose: 0 : 16284, 12, 2023/02/24, 16:50:21.037, 8920208654078, vstest.console.dll, MulticastDelegateUtilities.SafeInvoke: TestRun.LogMessages: Invoking callback 1/1 for Microsoft.VisualStudio.TestPlatform.CommandLine.TestRunResultAggregator., took 0 ms.
TpTrace Verbose: 0 : 16284, 4, 2023/02/24, 16:50:21.037, 8920208654387, vstest.console.dll, MulticastDelegateUtilities.SafeInvoke: InternalTestLoggerEvents.SendTestRunMessage: Invoking callback 1/1 for Microsoft.VisualStudio.TestPlatform.CommandLine.Internal.ConsoleLogger., took 0 ms.
TpTrace Information: 0 : 16284, 12, 2023/02/24, 16:50:21.037, 8920208655201, vstest.console.dll, TestRunRequest:SendTestRunMessage: Completed.
TpTrace Verbose: 0 : 16284, 12, 2023/02/24, 16:50:21.037, 8920208657978, vstest.console.dll, MulticastDelegateUtilities.SafeInvoke: LengthPrefixCommunicationChannel: MessageReceived: Invoking callback 1/1 for Microsoft.VisualStudio.TestPlatform.CommunicationUtilities.TestRequestSender+<>c__DisplayClass31_0., took 0 ms.
TpTrace Verbose: 0 : 16284, 12, 2023/02/24, 16:50:21.037, 8920208658864, vstest.console.dll, TcpClientExtensions.MessageLoopAsync: Polling on remoteEndPoint: 127.0.0.1:60628 localEndPoint: 127.0.0.1:60627
TpTrace Verbose: 0 : 16284, 12, 2023/02/24, 16:50:21.314, 8920211427282, vstest.console.dll, TcpClientExtensions.MessageLoopAsync: NotifyDataAvailable remoteEndPoint: 127.0.0.1:60628 localEndPoint: 127.0.0.1:60627
TpTrace Verbose: 0 : 16284, 12, 2023/02/24, 16:50:21.314, 8920211430922, vstest.console.dll, TestRequestSender.OnExecutionMessageReceived: Received message: {"Version":5,"MessageType":"TestSession.Message","Payload":{"MessageLevel":0,"Message":"NUnit Adapter 4.0.0.0: Test execution complete"}}
TpTrace Verbose: 0 : 16284, 12, 2023/02/24, 16:50:21.315, 8920211433899, vstest.console.dll, TestRunRequest:SendTestRunMessage: Starting.
TpTrace Verbose: 0 : 16284, 12, 2023/02/24, 16:50:21.315, 8920211435415, vstest.console.dll, MulticastDelegateUtilities.SafeInvoke: TestRun.LogMessages: Invoking callback 1/1 for Microsoft.VisualStudio.TestPlatform.CommandLine.TestRunResultAggregator., took 0 ms.
TpTrace Information: 0 : 16284, 12, 2023/02/24, 16:50:21.315, 8920211436412, vstest.console.dll, TestRunRequest:SendTestRunMessage: Completed.
TpTrace Verbose: 0 : 16284, 4, 2023/02/24, 16:50:21.315, 8920211436024, vstest.console.dll, MulticastDelegateUtilities.SafeInvoke: InternalTestLoggerEvents.SendTestRunMessage: Invoking callback 1/1 for Microsoft.VisualStudio.TestPlatform.CommandLine.Internal.ConsoleLogger., took 0 ms.
TpTrace Verbose: 0 : 16284, 12, 2023/02/24, 16:50:21.315, 8920211438272, vstest.console.dll, MulticastDelegateUtilities.SafeInvoke: LengthPrefixCommunicationChannel: MessageReceived: Invoking callback 1/1 for Microsoft.VisualStudio.TestPlatform.CommunicationUtilities.TestRequestSender+<>c__DisplayClass31_0., took 0 ms.
TpTrace Verbose: 0 : 16284, 12, 2023/02/24, 16:50:21.315, 8920211439178, vstest.console.dll, TcpClientExtensions.MessageLoopAsync: Polling on remoteEndPoint: 127.0.0.1:60628 localEndPoint: 127.0.0.1:60627
TpTrace Verbose: 0 : 16284, 12, 2023/02/24, 16:50:21.370, 8920211988751, vstest.console.dll, TcpClientExtensions.MessageLoopAsync: NotifyDataAvailable remoteEndPoint: 127.0.0.1:60628 localEndPoint: 127.0.0.1:60627
TpTrace Verbose: 0 : 16284, 12, 2023/02/24, 16:50:21.370, 8920211991308, vstest.console.dll, TestRequestSender.OnExecutionMessageReceived: Received message: {"Version":5,"MessageType":"TestExecution.Completed","Payload":{"TestRunCompleteArgs":{"TestRunStatistics":{"ExecutedTests":2,"Stats":{"Passed":2}},"IsCanceled":false,"IsAborted":false,"Error":null,"AttachmentSets":[],"ElapsedTimeInRunningTests":"00:00:00.6518515","Metrics":{}},"LastRunTests":{"NewTestResults":[{"TestCase":{"Id":"b21ac593-d49b-a282-9163-09a91fbebbfe","FullyQualifiedName":"FantasyFootballDraftGuide.PresentationTests.Services.ApiCallServiceTests.SubmitLeagueRules_DoesNotThrowException_GivenOkRequest","DisplayName":"SubmitLeagueRules_DoesNotThrowException_GivenOkRequest","ExecutorUri":"executor://NUnit3TestExecutor","Source":"C:\\Users\\thonchel\\Documents\\Repos\\FantasyFootballDraftGuide\\FantasyFootballDraftGuide.PresentationTests\\bin\\Debug\\net6.0\\fine-code-coverage\\build-output\\FantasyFootballDraftGuide.PresentationTests.dll","CodeFilePath":null,"LineNumber":0,"Properties":[{"Key":{"Id":"NUnit.Seed","Label":"Seed","Category":"","Description":"","Attributes":0,"ValueType":"System.String"},"Value":"1382431557"}]},"Attachments":[],"Outcome":1,"ErrorMessage":null,"ErrorStackTrace":null,"DisplayName":"SubmitLeagueRules_DoesNotThrowException_GivenOkRequest","Messages":[],"ComputerName":"LT-5CG94408JQ","Duration":"00:00:00.0754810","StartTime":"2023-02-24T21:50:21.1952245+00:00","EndTime":"2023-02-24T21:50:21.2705913+00:00","Properties":[{"Key":{"Id":"NUnit.Seed","Label":"Seed","Category":"","Description":"","Attributes":0,"ValueType":"System.String"},"Value":"1382431557"}]},{"TestCase":{"Id":"ad9d8443-53b3-43f9-125d-7cd9e61bd719","FullyQualifiedName":"FantasyFootballDraftGuide.PresentationTests.Services.ApiCallServiceTests.SubmitLeagueRules_ThrowsArgumentOutOfRangeException_GivenBadRequest","DisplayName":"SubmitLeagueRules_ThrowsArgumentOutOfRangeException_GivenBadRequest","ExecutorUri":"executor://NUnit3TestExecutor","Source":"C:\\Users\\thonchel\\Documents\\Repos\\FantasyFootballDraftGuide\\FantasyFootballDraftGuide.PresentationTests\\bin\\Debug\\net6.0\\fine-code-coverage\\build-output\\FantasyFootballDraftGuide.PresentationTests.dll","CodeFilePath":null,"LineNumber":0,"Properties":[{"Key":{"Id":"NUnit.Seed","Label":"Seed","Category":"","Description":"","Attributes":0,"ValueType":"System.String"},"Value":"2046203662"}]},"Attachments":[],"Outcome":1,"ErrorMessage":null,"ErrorStackTrace":null,"DisplayName":"SubmitLeagueRules_ThrowsArgumentOutOfRangeException_GivenBadRequest","Messages":[],"ComputerName":"LT-5CG94408JQ","Duration":"00:00:00.0323990","StartTime":"2023-02-24T21:50:21.2728954+00:00","EndTime":"2023-02-24T21:50:21.3052945+00:00","Properties":[{"Key":{"Id":"NUnit.Seed","Label":"Seed","Category":"","Description":"","Attributes":0,"ValueType":"System.String"},"Value":"2046203662"}]}],"TestRunStatistics":{"ExecutedTests":2,"Stats":{"Passed":2}},"ActiveTests":[]},"RunAttachments":[],"ExecutorUris":["executor://nunit3testexecutor/"]}}
TpTrace Verbose: 0 : 16284, 12, 2023/02/24, 16:50:21.371, 8920211992638, vstest.console.dll, TestRequestSender.EndSession: Sending end session.
TpTrace Verbose: 0 : 16284, 12, 2023/02/24, 16:50:21.371, 8920211994843, vstest.console.dll, ProxyOperationManager.Close: waiting for test host to exit for 100 ms
TpTrace Warning: 0 : 16284, 10, 2023/02/24, 16:50:21.405, 8920212337573, vstest.console.dll, TestHostManagerCallbacks.ErrorReceivedCallback Test host standard error line: 
TpTrace Verbose: 0 : 16284, 10, 2023/02/24, 16:50:21.416, 8920212450664, vstest.console.dll, TestHostProvider.ExitCallBack: Host exited starting callback.
TpTrace Information: 0 : 16284, 10, 2023/02/24, 16:50:21.417, 8920212453626, vstest.console.dll, TestHostManagerCallbacks.ExitCallBack: Testhost processId: 27828 exited with exitcode: 0 error: ''
TpTrace Verbose: 0 : 16284, 10, 2023/02/24, 16:50:21.417, 8920212454490, vstest.console.dll, DotnetTestHostManager.OnHostExited: invoking OnHostExited callback
TpTrace Verbose: 0 : 16284, 10, 2023/02/24, 16:50:21.417, 8920212455252, vstest.console.dll, CrossPlatEngine.TestHostManagerHostExited: calling on client process exit callback.
TpTrace Information: 0 : 16284, 10, 2023/02/24, 16:50:21.417, 8920212456011, vstest.console.dll, TestRequestSender.OnClientProcessExit: Test host process exited. Standard error: 
TpTrace Information: 0 : 16284, 10, 2023/02/24, 16:50:21.417, 8920212456707, vstest.console.dll, SocketServer.Stop: Stop server endPoint: 127.0.0.1:60627
TpTrace Information: 0 : 16284, 10, 2023/02/24, 16:50:21.417, 8920212457254, vstest.console.dll, SocketServer.Stop: Cancellation requested. Stopping message loop.
TpTrace Information: 0 : 16284, 12, 2023/02/24, 16:50:21.417, 8920212458446, vstest.console.dll, SocketServer.Stop: Stop server endPoint: 127.0.0.1:60627
TpTrace Verbose: 0 : 16284, 10, 2023/02/24, 16:50:21.417, 8920212458449, vstest.console.dll, MulticastDelegateUtilities.SafeInvoke: HostProviderEvents.OnHostExited: Invoking callback 1/1 for Microsoft.VisualStudio.TestPlatform.CrossPlatEngine.Client.ProxyOperationManager., took 0 ms.
TpTrace Information: 0 : 16284, 12, 2023/02/24, 16:50:21.417, 8920212459381, vstest.console.dll, SocketServer.Stop: Cancellation requested. Stopping message loop.
TpTrace Information: 0 : 16284, 12, 2023/02/24, 16:50:21.417, 8920212461393, vstest.console.dll, Closing the connection
TpTrace Verbose: 0 : 16284, 12, 2023/02/24, 16:50:21.418, 8920212464386, vstest.console.dll, ProxyDataCollectionManager.InvokeDataCollectionServiceAction: Starting.
TpTrace Information: 0 : 16284, 12, 2023/02/24, 16:50:21.418, 8920212465174, vstest.console.dll, ProxyDataCollectionManager.AfterTestRunEnd: Get attachment set and invoked data collectors processId: 39764 port: 60624
TpTrace Verbose: 0 : 16284, 12, 2023/02/24, 16:50:21.418, 8920212465872, vstest.console.dll, DataCollectionRequestSender.SendAfterTestRunStartAndGetResult: Send AfterTestRunEnd message with isCancelled: False
TpTrace Verbose: 0 : 16284, 12, 2023/02/24, 16:50:21.428, 8920212564523, vstest.console.dll, DataCollectionRequestSender.SendAfterTestRunStartAndGetResult: Received message: (DataCollection.AfterTestRunEndResult) -> {"MessageType":"DataCollection.AfterTestRunEndResult","Payload":{"AttachmentSets":[],"InvokedDataCollectors":[{"Uri":"datacollector://Microsoft/TestPlatform/Extensions/Blame/v1","FriendlyName":"Blame","AssemblyQualifiedName":"Microsoft.TestPlatform.Extensions.BlameDataCollector.BlameCollector, Microsoft.TestPlatform.Extensions.BlameDataCollector, Version=15.0.0.0, Culture=neutral, PublicKeyToken=b03f5f7f11d50a3a","FilePath":"C:\\Program Files\\dotnet\\sdk\\7.0.100\\Extensions\\Microsoft.TestPlatform.Extensions.BlameDataCollector.dll","HasAttachmentProcessor":false}],"Metrics":{}}}
TpTrace Information: 0 : 16284, 12, 2023/02/24, 16:50:21.436, 8920212649639, vstest.console.dll, ProxyDataCollectionManager.InvokeDataCollectionServiceAction: Completed.
TpTrace Warning: 0 : 16284, 9, 2023/02/24, 16:50:21.438, 8920212665279, vstest.console.dll, DataCollectionLauncher.ErrorReceivedCallback datacollector standard error line: 
TpTrace Information: 0 : 16284, 9, 2023/02/24, 16:50:21.447, 8920212755952, vstest.console.dll, DataCollectionLauncher.ExitCallBack: Data collector exited with exitcode: 0 error: ''
TpTrace Verbose: 0 : 16284, 12, 2023/02/24, 16:50:21.517, 8920213458446, vstest.console.dll, TestRunRequest:SendTestRunStatsChange: Starting.
TpTrace Verbose: 0 : 16284, 12, 2023/02/24, 16:50:21.518, 8920213465845, vstest.console.dll, MulticastDelegateUtilities.SafeInvoke: TestRun.RunStatsChanged: Invoking callbacks was skipped because there are no subscribers.
TpTrace Information: 0 : 16284, 12, 2023/02/24, 16:50:21.518, 8920213466692, vstest.console.dll, TestRunRequest:SendTestRunStatsChange: Completed.
TpTrace Verbose: 0 : 16284, 12, 2023/02/24, 16:50:21.519, 8920213474882, vstest.console.dll, ParallelProxyExecutionManager: HandlePartialRunComplete: Total completed clients = 1, Run complete = True, Run canceled: False.
TpTrace Verbose: 0 : 16284, 4, 2023/02/24, 16:50:21.521, 8920213492638, vstest.console.dll, MulticastDelegateUtilities.SafeInvoke: InternalTestLoggerEvents.SendTestResult: Invoking callback 1/1 for Microsoft.VisualStudio.TestPlatform.CommandLine.Internal.ConsoleLogger., took 2 ms.
TpTrace Verbose: 0 : 16284, 4, 2023/02/24, 16:50:21.521, 8920213496810, vstest.console.dll, MulticastDelegateUtilities.SafeInvoke: InternalTestLoggerEvents.SendTestResult: Invoking callback 1/1 for Microsoft.VisualStudio.TestPlatform.CommandLine.Internal.ConsoleLogger., took 0 ms.
TpTrace Verbose: 0 : 16284, 4, 2023/02/24, 16:50:21.533, 8920213621383, vstest.console.dll, MulticastDelegateUtilities.SafeInvoke: InternalTestLoggerEvents.SendTestRunComplete: Invoking callback 1/2 for Microsoft.TestPlatform.Extensions.BlameDataCollector.BlameLogger., took 0 ms.
TpTrace Verbose: 0 : 16284, 4, 2023/02/24, 16:50:21.541, 8920213700318, vstest.console.dll, MulticastDelegateUtilities.SafeInvoke: InternalTestLoggerEvents.SendTestRunComplete: Invoking callback 2/2 for Microsoft.VisualStudio.TestPlatform.CommandLine.Internal.ConsoleLogger., took 7 ms.
TpTrace Verbose: 0 : 16284, 12, 2023/02/24, 16:50:21.542, 8920213705145, vstest.console.dll, TestRunRequest:TestRunComplete: Starting. IsAborted:False IsCanceled:False.
TpTrace Verbose: 0 : 16284, 12, 2023/02/24, 16:50:21.544, 8920213724196, vstest.console.dll, TestLoggerManager.HandleTestRunComplete: Ignoring as the object is disposed.
TpTrace Verbose: 0 : 16284, 12, 2023/02/24, 16:50:21.544, 8920213727489, vstest.console.dll, MulticastDelegateUtilities.SafeInvoke: TestRun.TestRunComplete: Invoking callback 1/2 for Microsoft.VisualStudio.TestPlatform.CommandLine.TestRunResultAggregator., took 0 ms.
TpTrace Verbose: 0 : 16284, 12, 2023/02/24, 16:50:21.544, 8920213729753, vstest.console.dll, MulticastDelegateUtilities.SafeInvoke: TestRun.TestRunComplete: Invoking callback 2/2 for Microsoft.VisualStudio.TestPlatform.CommandLine.Processors.RunTestsArgumentExecutor+TestRunRequestEventsRegistrar., took 0 ms.
TpTrace Information: 0 : 16284, 12, 2023/02/24, 16:50:21.544, 8920213731081, vstest.console.dll, TestRunRequest:TestRunComplete: Completed.
TpTrace Verbose: 0 : 16284, 12, 2023/02/24, 16:50:21.544, 8920213731743, vstest.console.dll, TestRequestSender.SetOperationComplete: Setting operation complete.
TpTrace Information: 0 : 16284, 12, 2023/02/24, 16:50:21.544, 8920213732279, vstest.console.dll, SocketServer.Stop: Stop server endPoint: 127.0.0.1:60627
TpTrace Verbose: 0 : 16284, 1, 2023/02/24, 16:50:21.545, 8920213732591, vstest.console.dll, TestRunRequest.Dispose: Starting.
TpTrace Information: 0 : 16284, 12, 2023/02/24, 16:50:21.545, 8920213732749, vstest.console.dll, SocketServer.Stop: Cancellation requested. Stopping message loop.
TpTrace Information: 0 : 16284, 1, 2023/02/24, 16:50:21.545, 8920213733742, vstest.console.dll, TestRunRequest.Dispose: Completed.
TpTrace Verbose: 0 : 16284, 12, 2023/02/24, 16:50:21.545, 8920213734678, vstest.console.dll, MulticastDelegateUtilities.SafeInvoke: LengthPrefixCommunicationChannel: MessageReceived: Invoking callback 1/1 for Microsoft.VisualStudio.TestPlatform.CommunicationUtilities.TestRequestSender+<>c__DisplayClass31_0., took 174 ms.
TpTrace Information: 0 : 16284, 1, 2023/02/24, 16:50:21.545, 8920213735717, vstest.console.dll, TestRequestManager.RunTests: run tests completed.
TpTrace Information: 0 : 16284, 12, 2023/02/24, 16:50:21.545, 8920213736622, vstest.console.dll, SocketServer.PrivateStop: Stopping server endPoint: 127.0.0.1:60627 error: 
TpTrace Information: 0 : 16284, 1, 2023/02/24, 16:50:21.545, 8920213739280, vstest.console.dll, RunTestsArgumentProcessor:Execute: Test run is completed.
TpTrace Verbose: 0 : 16284, 1, 2023/02/24, 16:50:21.545, 8920213741500, vstest.console.dll, Executor.Execute: Exiting with exit code of 0
TpTrace Verbose: 0 : 16284, 12, 2023/02/24, 16:50:21.546, 8920213742795, vstest.console.dll, LengthPrefixCommunicationChannel.Dispose: Dispose reader and writer.
TpTrace Information: 0 : 16284, 12, 2023/02/24, 16:50:21.546, 8920213743985, vstest.console.dll, SocketServer.Stop: Raise disconnected event endPoint: 127.0.0.1:60627 error: 
TpTrace Verbose: 0 : 16284, 12, 2023/02/24, 16:50:21.546, 8920213745291, vstest.console.dll, TestRequestSender: OnTestRunAbort: Operation is already complete. Skip error message.
TpTrace Verbose: 0 : 16284, 12, 2023/02/24, 16:50:21.546, 8920213746030, vstest.console.dll, MulticastDelegateUtilities.SafeInvoke: SocketServer: ClientDisconnected: Invoking callback 1/1 for Microsoft.VisualStudio.TestPlatform.CommunicationUtilities.TestRequestSender., took 0 ms.
TpTrace Verbose: 0 : 16284, 12, 2023/02/24, 16:50:21.546, 8920213746596, vstest.console.dll, TcpClientExtensions.MessageLoopAsync: exiting MessageLoopAsync remoteEndPoint: 127.0.0.1:60628 localEndPoint: 127.0.0.1:60627
