<?xml version="1.0" encoding="utf-8"?>
<!DOCTYPE coverage SYSTEM "http://cobertura.sourceforge.net/xml/coverage-04.dtd">
<coverage line-rate="0.983333333333333" branch-rate="0.56" lines-covered="59" lines-valid="60" branches-covered="28" branches-valid="50" complexity="71" version="0" timestamp="1677242646">
  <sources>
    <source>C:\Users\thonchel\</source>
  </sources>
  <packages>
    <package name="FantasyFootballDraftGuide.Data" line-rate="1" branch-rate="0.56" complexity="64">
      <classes>
        <class name="FantasyFootballDraftGuide.Data.Data.UserData" filename="C:\Users\thonchel\Documents\Repos\FantasyFootballDraftGuide\FantasyFootballDraftGuide.Data\Data\UserData.cs" line-rate="1" branch-rate="1" complexity="2">
          <methods>
            <method name="get_Rules" signature="()" line-rate="1" branch-rate="1" complexity="1">
              <lines>
                <line number="7" hits="6" branch="false" />
              </lines>
            </method>
            <method name="ClearAll" signature="()" line-rate="1" branch-rate="1" complexity="1">
              <lines>
                <line number="10" hits="4" branch="false" />
                <line number="11" hits="4" branch="false" />
                <line number="12" hits="4" branch="false" />
              </lines>
            </method>
          </methods>
          <lines>
            <line number="7" hits="6" branch="false" />
            <line number="10" hits="4" branch="false" />
            <line number="11" hits="4" branch="false" />
            <line number="12" hits="4" branch="false" />
          </lines>
        </class>
        <class name="FantasyFootballDraftGuide.Data.Entities.Rules" filename="C:\Users\thonchel\Documents\Repos\FantasyFootballDraftGuide\FantasyFootballDraftGuide.Data\Entities\Rules.cs" line-rate="1" branch-rate="1" complexity="11">
          <methods>
            <method name="get_Teams" signature="()" line-rate="1" branch-rate="1" complexity="1">
              <lines>
                <line number="10" hits="13" branch="false" />
              </lines>
            </method>
            <method name="get_PlayoffTeams" signature="()" line-rate="1" branch-rate="1" complexity="1">
              <lines>
                <line number="14" hits="13" branch="false" />
              </lines>
            </method>
            <method name="get_Budget" signature="()" line-rate="1" branch-rate="1" complexity="1">
              <lines>
                <line number="18" hits="9" branch="false" />
              </lines>
            </method>
            <method name="get_Quarterbacks" signature="()" line-rate="1" branch-rate="1" complexity="1">
              <lines>
                <line number="22" hits="9" branch="false" />
              </lines>
            </method>
            <method name="get_RunningBacks" signature="()" line-rate="1" branch-rate="1" complexity="1">
              <lines>
                <line number="26" hits="9" branch="false" />
              </lines>
            </method>
            <method name="get_WideReceivers" signature="()" line-rate="1" branch-rate="1" complexity="1">
              <lines>
                <line number="30" hits="9" branch="false" />
              </lines>
            </method>
            <method name="get_TightEnds" signature="()" line-rate="1" branch-rate="1" complexity="1">
              <lines>
                <line number="34" hits="9" branch="false" />
              </lines>
            </method>
            <method name="get_Flexes" signature="()" line-rate="1" branch-rate="1" complexity="1">
              <lines>
                <line number="38" hits="9" branch="false" />
              </lines>
            </method>
            <method name="get_Kickers" signature="()" line-rate="1" branch-rate="1" complexity="1">
              <lines>
                <line number="42" hits="9" branch="false" />
              </lines>
            </method>
            <method name="get_Defenses" signature="()" line-rate="1" branch-rate="1" complexity="1">
              <lines>
                <line number="46" hits="9" branch="false" />
              </lines>
            </method>
            <method name="get_Reserves" signature="()" line-rate="1" branch-rate="1" complexity="1">
              <lines>
                <line number="50" hits="9" branch="false" />
              </lines>
            </method>
          </methods>
          <lines>
            <line number="10" hits="13" branch="false" />
            <line number="14" hits="13" branch="false" />
            <line number="18" hits="9" branch="false" />
            <line number="22" hits="9" branch="false" />
            <line number="26" hits="9" branch="false" />
            <line number="30" hits="9" branch="false" />
            <line number="34" hits="9" branch="false" />
            <line number="38" hits="9" branch="false" />
            <line number="42" hits="9" branch="false" />
            <line number="46" hits="9" branch="false" />
            <line number="50" hits="9" branch="false" />
          </lines>
        </class>
        <class name="FantasyFootballDraftGuide.Data.Repositories.RulesRepository" filename="C:\Users\thonchel\Documents\Repos\FantasyFootballDraftGuide\FantasyFootballDraftGuide.Data\Repositories\RulesRepository.cs" line-rate="1" branch-rate="0.56" complexity="51">
          <methods>
            <method name="SaveRules" signature="()" line-rate="1" branch-rate="1" complexity="1">
              <lines>
                <line number="10" hits="1" branch="false" />
                <line number="11" hits="1" branch="false" />
                <line number="12" hits="1" branch="false" />
              </lines>
            </method>
            <method name="ValidateRules" signature="()" line-rate="1" branch-rate="0.56" complexity="50">
              <lines>
                <line number="15" hits="3" branch="false" />
                <line number="16" hits="3" branch="true" condition-coverage="50% (1/2)" />
                <line number="17" hits="3" branch="true" condition-coverage="50% (1/2)" />
                <line number="19" hits="5" branch="true" condition-coverage="100% (4/4)" />
                <line number="20" hits="4" branch="true" condition-coverage="67% (4/6)" />
                <line number="21" hits="1" branch="true" condition-coverage="50% (2/4)" />
                <line number="22" hits="1" branch="true" condition-coverage="50% (2/4)" />
                <line number="23" hits="1" branch="true" condition-coverage="50% (2/4)" />
                <line number="24" hits="1" branch="true" condition-coverage="50% (2/4)" />
                <line number="25" hits="1" branch="true" condition-coverage="50% (2/4)" />
                <line number="26" hits="1" branch="true" condition-coverage="50% (2/4)" />
                <line number="27" hits="1" branch="true" condition-coverage="50% (2/4)" />
                <line number="28" hits="1" branch="true" condition-coverage="50% (2/4)" />
                <line number="29" hits="1" branch="true" condition-coverage="50% (2/4)" />
                <line number="31" hits="1" branch="false" />
                <line number="32" hits="3" branch="false" />
              </lines>
            </method>
          </methods>
          <lines>
            <line number="10" hits="1" branch="false" />
            <line number="11" hits="1" branch="false" />
            <line number="12" hits="1" branch="false" />
            <line number="15" hits="3" branch="false" />
            <line number="16" hits="3" branch="true" condition-coverage="50% (1/2)" />
            <line number="17" hits="3" branch="true" condition-coverage="50% (1/2)" />
            <line number="19" hits="5" branch="true" condition-coverage="100% (4/4)" />
            <line number="20" hits="4" branch="true" condition-coverage="67% (4/6)" />
            <line number="21" hits="1" branch="true" condition-coverage="50% (2/4)" />
            <line number="22" hits="1" branch="true" condition-coverage="50% (2/4)" />
            <line number="23" hits="1" branch="true" condition-coverage="50% (2/4)" />
            <line number="24" hits="1" branch="true" condition-coverage="50% (2/4)" />
            <line number="25" hits="1" branch="true" condition-coverage="50% (2/4)" />
            <line number="26" hits="1" branch="true" condition-coverage="50% (2/4)" />
            <line number="27" hits="1" branch="true" condition-coverage="50% (2/4)" />
            <line number="28" hits="1" branch="true" condition-coverage="50% (2/4)" />
            <line number="29" hits="1" branch="true" condition-coverage="50% (2/4)" />
            <line number="31" hits="1" branch="false" />
            <line number="32" hits="3" branch="false" />
          </lines>
        </class>
      </classes>
    </package>
    <package name="FantasyFootballDraftGuide.DataTests" line-rate="0.961538461538462" branch-rate="1" complexity="7">
      <classes>
        <class name="AutoGeneratedProgram" filename="C:\Users\thonchel\.nuget\packages\microsoft.net.test.sdk\17.3.2\build\netcoreapp2.1\Microsoft.NET.Test.Sdk.Program.cs" line-rate="0" branch-rate="1" complexity="1">
          <methods>
            <method name="Main" signature="(...)" line-rate="0" branch-rate="1" complexity="1">
              <lines>
                <line number="4" hits="0" branch="false" />
              </lines>
            </method>
          </methods>
          <lines>
            <line number="4" hits="0" branch="false" />
          </lines>
        </class>
        <class name="FantasyFootballDraftGuide.DataTests.Repositories.RulesRepositoryTests" filename="C:\Users\thonchel\Documents\Repos\FantasyFootballDraftGuide\FantasyFootballDraftGuide.DataTests\Repositories\RulesRepositoryTests.cs" line-rate="1" branch-rate="1" complexity="6">
          <methods>
            <method name="SetUp" signature="()" line-rate="1" branch-rate="1" complexity="1">
              <lines>
                <line number="15" hits="4" branch="false" />
                <line number="16" hits="4" branch="false" />
                <line number="17" hits="4" branch="false" />
              </lines>
            </method>
            <method name=".ctor" signature="()" line-rate="1" branch-rate="1" complexity="1">
              <lines>
                <line number="11" hits="1" branch="false" />
              </lines>
            </method>
            <method name="SaveRules_AddsRulesToDatabase_GivenValidRules" signature="()" line-rate="1" branch-rate="1" complexity="1">
              <lines>
                <line number="21" hits="1" branch="false" />
                <line number="22" hits="1" branch="false" />
                <line number="24" hits="1" branch="false" />
                <line number="26" hits="1" branch="false" />
                <line number="27" hits="1" branch="false" />
                <line number="28" hits="1" branch="false" />
              </lines>
            </method>
            <method name="ValidateRules_ReturnsFalse_GivenEmptyProperties" signature="()" line-rate="1" branch-rate="1" complexity="1">
              <lines>
                <line number="32" hits="1" branch="false" />
                <line number="33" hits="1" branch="false" />
                <line number="35" hits="1" branch="false" />
                <line number="37" hits="1" branch="false" />
                <line number="38" hits="1" branch="false" />
              </lines>
            </method>
            <method name="ValidateRules_ReturnsFalse_GivenInvalidProperties" signature="()" line-rate="1" branch-rate="1" complexity="1">
              <lines>
                <line number="42" hits="1" branch="false" />
                <line number="43" hits="1" branch="false" />
                <line number="45" hits="1" branch="false" />
                <line number="47" hits="1" branch="false" />
                <line number="48" hits="1" branch="false" />
              </lines>
            </method>
            <method name="ValidateRules_ReturnsTrue_GivenValidProperties" signature="()" line-rate="1" branch-rate="1" complexity="1">
              <lines>
                <line number="52" hits="1" branch="false" />
                <line number="53" hits="1" branch="false" />
                <line number="55" hits="1" branch="false" />
                <line number="57" hits="1" branch="false" />
                <line number="58" hits="1" branch="false" />
              </lines>
            </method>
          </methods>
          <lines>
            <line number="11" hits="1" branch="false" />
            <line number="15" hits="4" branch="false" />
            <line number="16" hits="4" branch="false" />
            <line number="17" hits="4" branch="false" />
            <line number="21" hits="1" branch="false" />
            <line number="22" hits="1" branch="false" />
            <line number="24" hits="1" branch="false" />
            <line number="26" hits="1" branch="false" />
            <line number="27" hits="1" branch="false" />
            <line number="28" hits="1" branch="false" />
            <line number="32" hits="1" branch="false" />
            <line number="33" hits="1" branch="false" />
            <line number="35" hits="1" branch="false" />
            <line number="37" hits="1" branch="false" />
            <line number="38" hits="1" branch="false" />
            <line number="42" hits="1" branch="false" />
            <line number="43" hits="1" branch="false" />
            <line number="45" hits="1" branch="false" />
            <line number="47" hits="1" branch="false" />
            <line number="48" hits="1" branch="false" />
            <line number="52" hits="1" branch="false" />
            <line number="53" hits="1" branch="false" />
            <line number="55" hits="1" branch="false" />
            <line number="57" hits="1" branch="false" />
            <line number="58" hits="1" branch="false" />
          </lines>
        </class>
      </classes>
    </package>
  </packages>
</coverage>