<?xml version="1.0" encoding="utf-8"?>
<coverage line-rate="0.9833" branch-rate="0.56" version="1.9" timestamp="1677274188" lines-covered="59" lines-valid="60" branches-covered="28" branches-valid="50">
  <sources>
    <source>C:\Users\thonchel\</source>
  </sources>
  <packages>
    <package name="FantasyFootballDraftGuide.Data" line-rate="1" branch-rate="0.56" complexity="64">
      <classes>
        <class name="FantasyFootballDraftGuide.Data.Repositories.RulesRepository/&lt;SaveRules&gt;d__0" filename="Documents\Repos\FantasyFootballDraftGuide\FantasyFootballDraftGuide.Data\Repositories\RulesRepository.cs" line-rate="1" branch-rate="1" complexity="1">
          <methods>
            <method name="MoveNext" signature="()" line-rate="1" branch-rate="1" complexity="1">
              <lines>
                <line number="10" hits="1" branch="False" />
                <line number="11" hits="1" branch="False" />
                <line number="12" hits="1" branch="False" />
              </lines>
            </method>
          </methods>
          <lines>
            <line number="10" hits="1" branch="False" />
            <line number="11" hits="1" branch="False" />
            <line number="12" hits="1" branch="False" />
          </lines>
        </class>
        <class name="FantasyFootballDraftGuide.Data.Repositories.RulesRepository/&lt;ValidateRules&gt;d__1" filename="Documents\Repos\FantasyFootballDraftGuide\FantasyFootballDraftGuide.Data\Repositories\RulesRepository.cs" line-rate="1" branch-rate="0.56" complexity="50">
          <methods>
            <method name="MoveNext" signature="()" line-rate="1" branch-rate="0.56" complexity="50">
              <lines>
                <line number="15" hits="3" branch="False" />
                <line number="16" hits="3" branch="True" condition-coverage="50% (1/2)">
                  <conditions>
                    <condition number="19" type="jump" coverage="50%" />
                  </conditions>
                </line>
                <line number="17" hits="3" branch="True" condition-coverage="50% (1/2)">
                  <conditions>
                    <condition number="164" type="jump" coverage="50%" />
                  </conditions>
                </line>
                <line number="19" hits="5" branch="True" condition-coverage="100% (4/4)">
                  <conditions>
                    <condition number="186" type="jump" coverage="100%" />
                    <condition number="210" type="jump" coverage="100%" />
                  </conditions>
                </line>
                <line number="20" hits="4" branch="True" condition-coverage="66.66% (4/6)">
                  <conditions>
                    <condition number="232" type="jump" coverage="50%" />
                    <condition number="247" type="jump" coverage="50%" />
                    <condition number="280" type="jump" coverage="100%" />
                  </conditions>
                </line>
                <line number="21" hits="1" branch="True" condition-coverage="50% (2/4)">
                  <conditions>
                    <condition number="303" type="jump" coverage="50%" />
                    <condition number="330" type="jump" coverage="50%" />
                  </conditions>
                </line>
                <line number="22" hits="1" branch="True" condition-coverage="50% (2/4)">
                  <conditions>
                    <condition number="352" type="jump" coverage="50%" />
                    <condition number="375" type="jump" coverage="50%" />
                  </conditions>
                </line>
                <line number="23" hits="1" branch="True" condition-coverage="50% (2/4)">
                  <conditions>
                    <condition number="397" type="jump" coverage="50%" />
                    <condition number="420" type="jump" coverage="50%" />
                  </conditions>
                </line>
                <line number="24" hits="1" branch="True" condition-coverage="50% (2/4)">
                  <conditions>
                    <condition number="442" type="jump" coverage="50%" />
                    <condition number="465" type="jump" coverage="50%" />
                  </conditions>
                </line>
                <line number="25" hits="1" branch="True" condition-coverage="50% (2/4)">
                  <conditions>
                    <condition number="487" type="jump" coverage="50%" />
                    <condition number="510" type="jump" coverage="50%" />
                  </conditions>
                </line>
                <line number="26" hits="1" branch="True" condition-coverage="50% (2/4)">
                  <conditions>
                    <condition number="532" type="jump" coverage="50%" />
                    <condition number="555" type="jump" coverage="50%" />
                  </conditions>
                </line>
                <line number="27" hits="1" branch="True" condition-coverage="50% (2/4)">
                  <conditions>
                    <condition number="577" type="jump" coverage="50%" />
                    <condition number="600" type="jump" coverage="50%" />
                  </conditions>
                </line>
                <line number="28" hits="1" branch="True" condition-coverage="50% (2/4)">
                  <conditions>
                    <condition number="619" type="jump" coverage="50%" />
                    <condition number="642" type="jump" coverage="50%" />
                  </conditions>
                </line>
                <line number="29" hits="1" branch="True" condition-coverage="50% (2/4)">
                  <conditions>
                    <condition number="661" type="jump" coverage="50%" />
                    <condition number="685" type="jump" coverage="50%" />
                  </conditions>
                </line>
                <line number="31" hits="1" branch="False" />
                <line number="32" hits="3" branch="False" />
              </lines>
            </method>
          </methods>
          <lines>
            <line number="15" hits="3" branch="False" />
            <line number="16" hits="3" branch="True" condition-coverage="50% (1/2)">
              <conditions>
                <condition number="19" type="jump" coverage="50%" />
              </conditions>
            </line>
            <line number="17" hits="3" branch="True" condition-coverage="50% (1/2)">
              <conditions>
                <condition number="164" type="jump" coverage="50%" />
              </conditions>
            </line>
            <line number="19" hits="5" branch="True" condition-coverage="100% (4/4)">
              <conditions>
                <condition number="186" type="jump" coverage="100%" />
                <condition number="210" type="jump" coverage="100%" />
              </conditions>
            </line>
            <line number="20" hits="4" branch="True" condition-coverage="66.66% (4/6)">
              <conditions>
                <condition number="232" type="jump" coverage="50%" />
                <condition number="247" type="jump" coverage="50%" />
                <condition number="280" type="jump" coverage="100%" />
              </conditions>
            </line>
            <line number="21" hits="1" branch="True" condition-coverage="50% (2/4)">
              <conditions>
                <condition number="303" type="jump" coverage="50%" />
                <condition number="330" type="jump" coverage="50%" />
              </conditions>
            </line>
            <line number="22" hits="1" branch="True" condition-coverage="50% (2/4)">
              <conditions>
                <condition number="352" type="jump" coverage="50%" />
                <condition number="375" type="jump" coverage="50%" />
              </conditions>
            </line>
            <line number="23" hits="1" branch="True" condition-coverage="50% (2/4)">
              <conditions>
                <condition number="397" type="jump" coverage="50%" />
                <condition number="420" type="jump" coverage="50%" />
              </conditions>
            </line>
            <line number="24" hits="1" branch="True" condition-coverage="50% (2/4)">
              <conditions>
                <condition number="442" type="jump" coverage="50%" />
                <condition number="465" type="jump" coverage="50%" />
              </conditions>
            </line>
            <line number="25" hits="1" branch="True" condition-coverage="50% (2/4)">
              <conditions>
                <condition number="487" type="jump" coverage="50%" />
                <condition number="510" type="jump" coverage="50%" />
              </conditions>
            </line>
            <line number="26" hits="1" branch="True" condition-coverage="50% (2/4)">
              <conditions>
                <condition number="532" type="jump" coverage="50%" />
                <condition number="555" type="jump" coverage="50%" />
              </conditions>
            </line>
            <line number="27" hits="1" branch="True" condition-coverage="50% (2/4)">
              <conditions>
                <condition number="577" type="jump" coverage="50%" />
                <condition number="600" type="jump" coverage="50%" />
              </conditions>
            </line>
            <line number="28" hits="1" branch="True" condition-coverage="50% (2/4)">
              <conditions>
                <condition number="619" type="jump" coverage="50%" />
                <condition number="642" type="jump" coverage="50%" />
              </conditions>
            </line>
            <line number="29" hits="1" branch="True" condition-coverage="50% (2/4)">
              <conditions>
                <condition number="661" type="jump" coverage="50%" />
                <condition number="685" type="jump" coverage="50%" />
              </conditions>
            </line>
            <line number="31" hits="1" branch="False" />
            <line number="32" hits="3" branch="False" />
          </lines>
        </class>
        <class name="FantasyFootballDraftGuide.Data.Entities.Rules" filename="Documents\Repos\FantasyFootballDraftGuide\FantasyFootballDraftGuide.Data\Entities\Rules.cs" line-rate="1" branch-rate="1" complexity="11">
          <methods>
            <method name="get_Teams" signature="()" line-rate="1" branch-rate="1" complexity="1">
              <lines>
                <line number="10" hits="13" branch="False" />
              </lines>
            </method>
            <method name="get_PlayoffTeams" signature="()" line-rate="1" branch-rate="1" complexity="1">
              <lines>
                <line number="14" hits="13" branch="False" />
              </lines>
            </method>
            <method name="get_Budget" signature="()" line-rate="1" branch-rate="1" complexity="1">
              <lines>
                <line number="18" hits="9" branch="False" />
              </lines>
            </method>
            <method name="get_Quarterbacks" signature="()" line-rate="1" branch-rate="1" complexity="1">
              <lines>
                <line number="22" hits="9" branch="False" />
              </lines>
            </method>
            <method name="get_RunningBacks" signature="()" line-rate="1" branch-rate="1" complexity="1">
              <lines>
                <line number="26" hits="9" branch="False" />
              </lines>
            </method>
            <method name="get_WideReceivers" signature="()" line-rate="1" branch-rate="1" complexity="1">
              <lines>
                <line number="30" hits="9" branch="False" />
              </lines>
            </method>
            <method name="get_TightEnds" signature="()" line-rate="1" branch-rate="1" complexity="1">
              <lines>
                <line number="34" hits="9" branch="False" />
              </lines>
            </method>
            <method name="get_Flexes" signature="()" line-rate="1" branch-rate="1" complexity="1">
              <lines>
                <line number="38" hits="9" branch="False" />
              </lines>
            </method>
            <method name="get_Kickers" signature="()" line-rate="1" branch-rate="1" complexity="1">
              <lines>
                <line number="42" hits="9" branch="False" />
              </lines>
            </method>
            <method name="get_Defenses" signature="()" line-rate="1" branch-rate="1" complexity="1">
              <lines>
                <line number="46" hits="9" branch="False" />
              </lines>
            </method>
            <method name="get_Reserves" signature="()" line-rate="1" branch-rate="1" complexity="1">
              <lines>
                <line number="50" hits="9" branch="False" />
              </lines>
            </method>
          </methods>
          <lines>
            <line number="10" hits="13" branch="False" />
            <line number="14" hits="13" branch="False" />
            <line number="18" hits="9" branch="False" />
            <line number="22" hits="9" branch="False" />
            <line number="26" hits="9" branch="False" />
            <line number="30" hits="9" branch="False" />
            <line number="34" hits="9" branch="False" />
            <line number="38" hits="9" branch="False" />
            <line number="42" hits="9" branch="False" />
            <line number="46" hits="9" branch="False" />
            <line number="50" hits="9" branch="False" />
          </lines>
        </class>
        <class name="FantasyFootballDraftGuide.Data.Data.UserData" filename="Documents\Repos\FantasyFootballDraftGuide\FantasyFootballDraftGuide.Data\Data\UserData.cs" line-rate="1" branch-rate="1" complexity="2">
          <methods>
            <method name="get_Rules" signature="()" line-rate="1" branch-rate="1" complexity="1">
              <lines>
                <line number="7" hits="6" branch="False" />
              </lines>
            </method>
            <method name="ClearAll" signature="()" line-rate="1" branch-rate="1" complexity="1">
              <lines>
                <line number="10" hits="4" branch="False" />
                <line number="11" hits="4" branch="False" />
                <line number="12" hits="4" branch="False" />
              </lines>
            </method>
          </methods>
          <lines>
            <line number="7" hits="6" branch="False" />
            <line number="10" hits="4" branch="False" />
            <line number="11" hits="4" branch="False" />
            <line number="12" hits="4" branch="False" />
          </lines>
        </class>
      </classes>
    </package>
    <package name="FantasyFootballDraftGuide.DataTests" line-rate="0.9615" branch-rate="1" complexity="7">
      <classes>
        <class name="AutoGeneratedProgram" filename=".nuget\packages\microsoft.net.test.sdk\17.3.2\build\netcoreapp2.1\Microsoft.NET.Test.Sdk.Program.cs" line-rate="0" branch-rate="1" complexity="1">
          <methods>
            <method name="Main" signature="(System.String[])" line-rate="0" branch-rate="1" complexity="1">
              <lines>
                <line number="4" hits="0" branch="False" />
              </lines>
            </method>
          </methods>
          <lines>
            <line number="4" hits="0" branch="False" />
          </lines>
        </class>
        <class name="FantasyFootballDraftGuide.DataTests.Repositories.RulesRepositoryTests" filename="Documents\Repos\FantasyFootballDraftGuide\FantasyFootballDraftGuide.DataTests\Repositories\RulesRepositoryTests.cs" line-rate="1" branch-rate="1" complexity="2">
          <methods>
            <method name="SetUp" signature="()" line-rate="1" branch-rate="1" complexity="1">
              <lines>
                <line number="14" hits="4" branch="False" />
                <line number="15" hits="4" branch="False" />
                <line number="16" hits="4" branch="False" />
              </lines>
            </method>
            <method name=".ctor" signature="()" line-rate="1" branch-rate="1" complexity="1">
              <lines>
                <line number="10" hits="1" branch="False" />
              </lines>
            </method>
          </methods>
          <lines>
            <line number="14" hits="4" branch="False" />
            <line number="15" hits="4" branch="False" />
            <line number="16" hits="4" branch="False" />
            <line number="10" hits="1" branch="False" />
          </lines>
        </class>
        <class name="FantasyFootballDraftGuide.DataTests.Repositories.RulesRepositoryTests/&lt;SaveRules_AddsRulesUserData&gt;d__2" filename="Documents\Repos\FantasyFootballDraftGuide\FantasyFootballDraftGuide.DataTests\Repositories\RulesRepositoryTests.cs" line-rate="1" branch-rate="1" complexity="1">
          <methods>
            <method name="MoveNext" signature="()" line-rate="1" branch-rate="1" complexity="1">
              <lines>
                <line number="20" hits="1" branch="False" />
                <line number="21" hits="1" branch="False" />
                <line number="23" hits="1" branch="False" />
                <line number="25" hits="1" branch="False" />
                <line number="26" hits="1" branch="False" />
                <line number="27" hits="1" branch="False" />
              </lines>
            </method>
          </methods>
          <lines>
            <line number="20" hits="1" branch="False" />
            <line number="21" hits="1" branch="False" />
            <line number="23" hits="1" branch="False" />
            <line number="25" hits="1" branch="False" />
            <line number="26" hits="1" branch="False" />
            <line number="27" hits="1" branch="False" />
          </lines>
        </class>
        <class name="FantasyFootballDraftGuide.DataTests.Repositories.RulesRepositoryTests/&lt;ValidateRules_ReturnsFalse_GivenEmptyProperties&gt;d__3" filename="Documents\Repos\FantasyFootballDraftGuide\FantasyFootballDraftGuide.DataTests\Repositories\RulesRepositoryTests.cs" line-rate="1" branch-rate="1" complexity="1">
          <methods>
            <method name="MoveNext" signature="()" line-rate="1" branch-rate="1" complexity="1">
              <lines>
                <line number="31" hits="1" branch="False" />
                <line number="32" hits="1" branch="False" />
                <line number="34" hits="1" branch="False" />
                <line number="36" hits="1" branch="False" />
                <line number="37" hits="1" branch="False" />
              </lines>
            </method>
          </methods>
          <lines>
            <line number="31" hits="1" branch="False" />
            <line number="32" hits="1" branch="False" />
            <line number="34" hits="1" branch="False" />
            <line number="36" hits="1" branch="False" />
            <line number="37" hits="1" branch="False" />
          </lines>
        </class>
        <class name="FantasyFootballDraftGuide.DataTests.Repositories.RulesRepositoryTests/&lt;ValidateRules_ReturnsFalse_GivenInvalidProperties&gt;d__4" filename="Documents\Repos\FantasyFootballDraftGuide\FantasyFootballDraftGuide.DataTests\Repositories\RulesRepositoryTests.cs" line-rate="1" branch-rate="1" complexity="1">
          <methods>
            <method name="MoveNext" signature="()" line-rate="1" branch-rate="1" complexity="1">
              <lines>
                <line number="41" hits="1" branch="False" />
                <line number="42" hits="1" branch="False" />
                <line number="44" hits="1" branch="False" />
                <line number="46" hits="1" branch="False" />
                <line number="47" hits="1" branch="False" />
              </lines>
            </method>
          </methods>
          <lines>
            <line number="41" hits="1" branch="False" />
            <line number="42" hits="1" branch="False" />
            <line number="44" hits="1" branch="False" />
            <line number="46" hits="1" branch="False" />
            <line number="47" hits="1" branch="False" />
          </lines>
        </class>
        <class name="FantasyFootballDraftGuide.DataTests.Repositories.RulesRepositoryTests/&lt;ValidateRules_ReturnsTrue_GivenValidProperties&gt;d__5" filename="Documents\Repos\FantasyFootballDraftGuide\FantasyFootballDraftGuide.DataTests\Repositories\RulesRepositoryTests.cs" line-rate="1" branch-rate="1" complexity="1">
          <methods>
            <method name="MoveNext" signature="()" line-rate="1" branch-rate="1" complexity="1">
              <lines>
                <line number="51" hits="1" branch="False" />
                <line number="52" hits="1" branch="False" />
                <line number="54" hits="1" branch="False" />
                <line number="56" hits="1" branch="False" />
                <line number="57" hits="1" branch="False" />
              </lines>
            </method>
          </methods>
          <lines>
            <line number="51" hits="1" branch="False" />
            <line number="52" hits="1" branch="False" />
            <line number="54" hits="1" branch="False" />
            <line number="56" hits="1" branch="False" />
            <line number="57" hits="1" branch="False" />
          </lines>
        </class>
      </classes>
    </package>
  </packages>
</coverage>